13:56:34.169000, None, 1, 1, NoTrigger
13:56:34.266000, [((91.323138371142988+0j), (68.980950548616278+0j)), 0, 0, 0], 1, 1, NoTrigger
13:56:34.360000, Asuming false positive
13:56:34.396000, [((84.911693164581493+0j), (68.354738716552575+0j)), 0, 0, 0], 1, 1, NoTrigger
13:56:34.464000, [((89.567864165020268+0j), (65.177835971023583+0j)), 0, 0, 0], 1, 1, NoTrigger
13:56:34.546000, Asuming false positive
13:56:34.621000, Asuming false positive
13:56:34.644000, [((91.691279152952106+0j), (67.996592308684015+0j)), 0, 0, 0], 1, 1, NoTrigger
13:56:34.672000, Asuming false positive
13:56:34.710000, [((92.523304565370324+0j), (67.264659275257159+0j)), 0, 0, 0], 1, 1, NoTrigger
13:56:34.735000, [((91.91691339765093+0j), (66.570668463797574+0j)), 0, 0, 0], 1, 1, NoTrigger
13:56:34.787000, Asuming false positive
13:56:34.826000, [((92.290872548837953+0j), (66.63647173248944+0j)), 0, 0, 0], 1, 1, NoTrigger
13:56:34.922000, Asuming false positive
13:56:34.950000, [((93.728445896771234+0j), (67.508794733383837+0j)), 0, 0, 0], 1, 1, NoTrigger
13:56:34.980000, [((93.481931948076777+0j), (68.128106802183439+0j)), 0, 0, 0], 1, 1, NoTrigger
13:56:35.003000, [((93.511121913819807+0j), (68.073640813195283+0j)), 0, 0, 0], 1, 1, NoTrigger
13:56:35.026000, [((93.354950494348302+0j), (67.665168919549146+0j)), 0, 0, 0], 1, 1, NoTrigger
13:56:35.046000, [((93.448435259910042+0j), (67.757228837293383+0j)), 0, 0, 0], 1, 1, NoTrigger
13:56:35.069000, [((93.463061326774195+0j), (66.914931818385185+0j)), 0, 0, 0], 1, 1, NoTrigger
13:56:35.085000, [((94.543903030635207+0j), (64.072306552769732+0j)), 0, 0, 0], 1, 1, NoTrigger
13:56:35.100000, [((95.574830499562566+0j), (63.581824413302499+0j)), 0, 0, 0], 1, 1, NoTrigger
13:56:35.156000, Asuming false positive
13:56:35.177000, Asuming false positive
13:56:35.260000, Asuming false positive
13:56:35.336000, [((95.824442510158988+0j), (62.963070556258216+0j)), 0, 0, 0], 1, 1, NoTrigger
13:56:35.448000, Asuming false positive
13:56:35.603000, Asuming false positive
13:56:35.787000, Asuming false positive
13:56:35.834000, [((91.714331627186965+0j), (60.64030873241925+0j)), 0, 0, 0], 1, 1, NoTrigger
13:56:35.866000, Asuming false positive
13:56:36.482000, Maximum ransac iterations exceeded
13:56:36.506000, [((93.320564955900437+0j), (60.498764453328839+0j)), 0, 0, 0], 1, 1, NoTrigger
13:56:36.598000, Asuming false positive
13:56:36.619000, [((95.366225529069197+0j), (61.83811319630825+0j)), 0, 0, 0], 1, 1, NoTrigger
13:56:36.639000, [((92.587377832581254+0j), (67.62717698893502+0j)), 0, 0, 0], 1, 1, NoTrigger
13:56:36.659000, [((91.321452488152175+0j), (68.519937731552304+0j)), 0, 0, 0], 1, 1, NoTrigger
13:56:36.677000, [((90.605599086383378+0j), (68.477868038158775+0j)), 0, 0, 0], 1, 1, NoTrigger
13:56:36.691000, [((87.963827362675403+0j), (73.089966920550097+0j)), 0, 0, 0], 1, 1, NoTrigger
13:56:36.730000, [((86.925047758893783+0j), (76.81372603737087+0j)), 0, 0, 0], 1, 1, NoTrigger
13:56:36.750000, [((86.54868850659156+0j), (76.457703826418268+0j)), 0, 0, 0], 1, 1, NoTrigger
13:56:36.770000, [((86.426447697353851+0j), (77.169504189338852+0j)), 0, 0, 0], 1, 1, NoTrigger
13:56:36.794000, [((86.479012127199269+0j), (77.23921932396388+0j)), 0, 0, 0], 1, 1, NoTrigger
13:56:36.819000, [((87.148768746522521+0j), (75.993245611170366+0j)), 0, 0, 0], 1, 1, NoTrigger
13:56:36.879000, [((86.51478253991597+0j), (78.186901815236212+0j)), 0, 0, 0], 1, 1, NoTrigger
13:56:36.893000, [((78.497892552006405+0j), (70.184490291622325+0j)), 0, 0, 0], 1, 1, NoTrigger
13:56:36.909000, [((78.525855295316958+0j), (70.188140323033622+0j)), 0, 0, 0], 1, 1, NoTrigger
13:56:36.924000, [((78.525855295316958+0j), (70.188140323033622+0j)), 0, 0, 0], 1, 1, NoTrigger
13:56:36.942000, [((78.952811017478268+0j), (70.066688133391168+0j)), 0, 0, 0], 1, 1, NoTrigger
13:56:36.961000, [((77.631300500972245+0j), (69.480052389393151+0j)), 0, 0, 0], 1, 1, NoTrigger
13:56:37.009000, [((77.755436891619908+0j), (70.921893107430392+0j)), 0, 0, 0], 1, 1, NoTrigger
13:56:37.055000, [((77.826818324933356+0j), (70.868576761264649+0j)), 0, 0, 0], 1, 1, NoTrigger
13:56:37.109000, [((76.771612953527665+0j), (70.573722791152079+0j)), 0, 0, 0], 1, 1, NoTrigger
13:56:37.125000, [((77.378390451938643+0j), (71.160302151625231+0j)), 0, 0, 0], 1, 1, NoTrigger
13:56:37.145000, [((76.517835760289046+0j), (72.231338366934835+0j)), 0, 0, 0], 1, 1, NoTrigger
13:56:37.205000, [((76.853700544655752+0j), (71.913331814148549+0j)), 0, 0, 0], 1, 1, NoTrigger
13:56:37.226000, [0, ((71.623656801453038+0j), (72.383355119006737+0j)), 0, 0], 1, 1, NoTrigger
13:56:37.260000, [0, ((71.838064146582013+0j), (73.025451526445949+0j)), 0, 0], 1, 1, NoTrigger
13:56:37.293000, [0, ((69.648592228421649+0j), (72.463278022948842+0j)), 0, 0], 1, 1, NoTrigger
13:56:37.358000, [0, ((69.684046449270028+0j), (72.50121079879392+0j)), 0, 0], 1, 1, NoTrigger
13:56:37.378000, [0, ((69.725309630795479+0j), (72.468529974544552+0j)), 0, 0], 1, 1, NoTrigger
13:56:37.401000, [0, ((68.640315450888295+0j), (72.410322861459804+0j)), 0, 0], 1, 1, NoTrigger
13:56:37.438000, [0, ((68.763391206717031+0j), (72.537469119494418+0j)), 0, 0], 1, 1, NoTrigger
13:56:37.456000, [0, ((67.865279145268346+0j), (72.653685910879517+0j)), 0, 0], 1, 1, NoTrigger
13:56:37.472000, [0, ((67.832652494108174+0j), (72.584541336472455+0j)), 0, 0], 1, 1, NoTrigger
13:56:37.488000, [0, ((68.030361792563554+0j), (72.997106948422811+0j)), 0, 0], 1, 1, NoTrigger
13:56:37.537000, [0, ((68.218503251193795+0j), (73.127627016090841+0j)), 0, 0], 1, 1, NoTrigger
13:56:37.588000, [0, ((77.843611512228776+0j), (76.293577059826717+0j)), 0, 0], 1, 1, NoTrigger
13:56:37.607000, [0, ((78.100480831767172+0j), (76.394921804935976+0j)), 0, 0], 1, 1, NoTrigger
13:56:37.635000, [0, ((77.147094224091148+0j), (76.275826610068975+0j)), 0, 0], 1, 1, NoTrigger
13:56:37.654000, [0, ((78.515477019871327+0j), (75.360645768432136+0j)), 0, 0], 1, 1, NoTrigger
13:56:37.690000, [0, ((78.263534205374299+0j), (75.285955539071267+0j)), 0, 0], 1, 1, NoTrigger
13:56:37.709000, [0, ((78.468612539847484+0j), (77.134841761564871+0j)), 0, 0], 1, 1, NoTrigger
13:56:37.731000, [0, ((77.874371486250809+0j), (77.487629247781371+0j)), 0, 0], 1, 1, NoTrigger
13:56:37.759000, [0, ((77.520580666854201+0j), (75.655968458682025+0j)), 0, 0], 1, 1, NoTrigger
13:56:37.778000, [0, ((77.520580666854201+0j), (75.655968458682025+0j)), 0, 0], 1, 1, NoTrigger
13:56:37.851000, [0, ((77.36380792353701+0j), (76.904943701286797+0j)), 0, 0], 1, 1, NoTrigger
13:56:37.905000, [0, ((76.680073983529141+0j), (76.472767202315922+0j)), 0, 0], 1, 1, NoTrigger
13:56:37.922000, [((77.769060657869559+0j), (66.310170825286647+0j)), 0, 0, 0], 1, 1, NoTrigger
13:56:37.942000, [((77.769060657869559+0j), (66.310170825286647+0j)), 0, 0, 0], 1, 1, NoTrigger
13:56:37.956000, [((77.830406720084326+0j), (66.405151341435996+0j)), 0, 0, 0], 1, 1, NoTrigger
13:56:37.974000, [((76.927682269492365+0j), (68.857267480931455+0j)), 0, 0, 0], 1, 1, NoTrigger
13:56:37.996000, [((76.893549632314944+0j), (68.549188288590059+0j)), 0, 0, 0], 1, 1, NoTrigger
13:56:38.008000, [((76.915859093404677+0j), (68.26433172301121+0j)), 0, 0, 0], 1, 1, NoTrigger
13:56:38.024000, [((76.936767835238584+0j), (68.448459925515266+0j)), 0, 0, 0], 1, 1, NoTrigger
13:56:38.036000, [((77.073675699356897+0j), (68.575307918438355+0j)), 0, 0, 0], 1, 1, NoTrigger
13:56:38.051000, [((77.255894991805064+0j), (68.665179979011171+0j)), 0, 0, 0], 1, 1, NoTrigger
13:56:38.063000, [((77.255894991805064+0j), (68.665179979011171+0j)), 0, 0, 0], 1, 1, NoTrigger
13:56:38.108000, [((77.088955397143977+0j), (68.579195132884749+0j)), 0, 0, 0], 1, 1, NoTrigger
13:56:38.189000, [((79.166031993762815+0j), (69.971956372926854+0j)), 0, 0, 0], 1, 1, NoTrigger
13:56:38.210000, [((79.022952098307158+0j), (71.162649803812357+0j)), 0, 0, 0], 1, 1, NoTrigger
13:56:38.227000, [((79.408613027210919+0j), (69.696181146345879+0j)), 0, 0, 0], 1, 1, NoTrigger
13:56:38.247000, [((78.029429606073563+0j), (70.996553643556297+0j)), 0, 0, 0], 1, 1, NoTrigger
13:56:38.267000, [((79.793930265525674+0j), (69.680159576686037+0j)), 0, 0, 0], 1, 1, NoTrigger
13:56:38.289000, [((79.027979996568121+0j), (70.637144208015599+0j)), 0, 0, 0], 1, 1, NoTrigger
13:56:38.329000, [((78.572643459176277+0j), (70.447887471731178+0j)), 0, 0, 0], 1, 1, NoTrigger
13:56:38.345000, [((78.547407670304139+0j), (70.441132655877169+0j)), 0, 0, 0], 1, 1, NoTrigger
13:56:38.388000, [((78.992198518302217+0j), (70.629584215293974+0j)), 0, 0, 0], 1, 1, NoTrigger
13:56:38.420000, [((78.861297319547276+0j), (70.508697173577914+0j)), 0, 0, 0], 1, 1, NoTrigger
13:56:38.479000, [((78.254746543635179+0j), (70.09239961912732+0j)), 0, 0, 0], 1, 1, NoTrigger
13:56:38.530000, [((78.757861440593629+0j), (67.921188540300605+0j)), 0, 0, 0], 1, 1, NoTrigger
13:56:38.569000, [((79.747562716282602+0j), (68.001491160489309+0j)), 0, 0, 0], 1, 1, NoTrigger
13:56:38.597000, [((78.503369253779425+0j), (68.507522029497537+0j)), 0, 0, 0], 1, 1, NoTrigger
13:56:38.665000, [((78.378429711307845+0j), (70.248117411958418+0j)), 0, 0, 0], 1, 1, NoTrigger
13:56:38.802000, [((79.022921820922249+0j), (73.395608131851276+0j)), 0, 0, 0], 1, 1, NoTrigger
13:56:38.929000, [((80.871187828545899+0j), (67.966117510442388+0j)), 0, 0, 0], 1, 1, NoTrigger
13:56:38.982000, [((80.491750754296149+0j), (72.32019594886556+0j)), 0, 0, 0], 1, 1, NoTrigger
13:56:39.153000, [((80.956954957655213+0j), (66.864044711563125+0j)), 0, 0, 0], 1, 1, NoTrigger
13:56:39.238000, [((81.616528347884994+0j), (63.979578388238828+0j)), 0, 0, 0], 1, 1, NoTrigger
13:56:39.578000, [((82.476654070560386+0j), (62.434518873725075+0j)), 0, 0, 0], 1, 1, NoTrigger
13:56:39.731000, [((82.620604409044304+0j), (62.475471554897368+0j)), 0, 0, 0], 1, 1, NoTrigger
13:56:39.766000, [((72.248697119255283+0j), (68.750304572636423+0j)), 0, 0, 0], 1, 1, NoTrigger
13:56:39.821000, [((72.784190874436661+0j), (69.348823069692841+0j)), 0, 0, 0], 1, 1, NoTrigger
13:56:39.881000, [((73.184959954768331+0j), (69.38333231185166+0j)), 0, 0, 0], 1, 1, NoTrigger
13:56:40.101000, [((73.027110699153667+0j), (67.547836010670878+0j)), 0, 0, 0], 1, 1, NoTrigger
13:56:40.150000, [((71.447166757602787+0j), (64.755424066257859+0j)), 0, 0, 0], 1, 1, NoTrigger
13:56:40.472000, [((64.25120501261803+0j), (54.600148528583468+0j)), 0, 0, 0], 1, 1, NoTrigger
13:56:40.493000, [((65.575833455759394+0j), (56.599108360770813+0j)), 0, 0, 0], 1, 1, NoTrigger
13:56:41.617000, Maximum ransac iterations exceeded
13:56:41.740000, [((61.077179622773691+0j), (49.348774816339379+0j)), 0, 0, 0], 1, 1, NoTrigger
13:56:42.484000, [((63.504598385446634+0j), (54.740182277850941+0j)), 0, 0, 0], 1, 1, NoTrigger
13:56:43.054000, [((65.522180419310118+0j), (55.492546270636787+0j)), 0, 0, 0], 1, 1, NoTrigger
13:56:43.213000, [((78.159452000361966+0j), (63.001476965544761+0j)), 0, 0, 0], 1, 1, NoTrigger
13:56:43.242000, [((77.370643111216268+0j), (61.990634551962948+0j)), 0, 0, 0], 1, 1, NoTrigger
13:56:43.285000, [((74.99029451526188+0j), (64.468076333085691+0j)), 0, 0, 0], 1, 1, NoTrigger
13:56:43.355000, [((75.310331429948562+0j), (64.633215669951497+0j)), 0, 0, 0], 1, 1, NoTrigger
13:56:43.374000, [((74.809324916202371+0j), (64.110471192837466+0j)), 0, 0, 0], 1, 1, NoTrigger
13:56:43.413000, [((76.803960234458643+0j), (63.877519812997605+0j)), 0, 0, 0], 1, 1, NoTrigger
13:56:43.454000, [((76.427743021162527+0j), (62.422988880877845+0j)), 0, 0, 0], 1, 1, NoTrigger
13:56:43.482000, [((74.266664596835724+0j), (60.832423872429224+0j)), 0, 0, 0], 1, 1, NoTrigger
13:56:43.594000, Asuming false positive
13:56:43.714000, Asuming false positive
13:56:43.775000, [((75.024720248698785+0j), (60.016167006962064+0j)), 0, 0, 0], 1, 1, NoTrigger
13:56:43.797000, [0, ((74.443127936448221+0j), (76.898017864375419+0j)), 0, 0], 1, 1, NoTrigger
13:56:43.822000, [0, ((74.449928112353007+0j), (76.945432831858753+0j)), 0, 0], 1, 1, NoTrigger
13:56:43.850000, [0, ((74.850000536600376+0j), (76.038834233120369+0j)), 0, 0], 1, 1, NoTrigger
13:56:43.865000, [0, ((75.553408786119036+0j), (76.144169748313317+0j)), 0, 0], 1, 1, NoTrigger
13:56:43.924000, [0, ((75.230205413405983+0j), (75.55883039948327+0j)), 0, 0], 1, 1, NoTrigger
13:56:43.954000, [0, ((78.967822026006687+0j), (72.352776650874489+0j)), 0, 0], 1, 1, NoTrigger
13:56:44.094000, [0, ((80.28837735182772+0j), (68.079884208290764+0j)), 0, 0], 1, 1, NoTrigger
13:56:44.115000, [0, ((82.410901908220026+0j), (67.839995500861619+0j)), 0, 0], 1, 1, NoTrigger
13:56:44.156000, [0, ((81.753532405423655+0j), (65.486000411223088+0j)), 0, 0], 1, 1, NoTrigger
13:56:44.194000, [0, ((82.535735565559776+0j), (64.72620751884952+0j)), 0, 0], 1, 1, NoTrigger
13:56:44.275000, [0, ((82.421228726300185+0j), (64.831178333556693+0j)), 0, 0], 1, 1, NoTrigger
13:56:44.303000, [((85.805869433460856+0j), (67.908904197274268+0j)), 0, 0, 0], 1, 1, NoTrigger
13:56:44.341000, [((62.704261697306407+0j), (75.923638677888746+0j)), 0, 0, 0], 1, 1, NoTrigger
13:56:45.381000, Maximum ransac iterations exceeded
13:56:46.411000, Maximum ransac iterations exceeded
13:56:47.493000, Maximum ransac iterations exceeded
13:56:48.426000, Maximum ransac iterations exceeded
13:56:48.466000, [((63.789815954192676+0j), (75.956620060146264+0j)), 0, 0, 0], 1, 1, NoTrigger
13:56:48.600000, [((66.762177996492227+0j), (75.378940643829338+0j)), 0, 0, 0], 1, 1, NoTrigger
13:56:49.222000, Maximum ransac iterations exceeded
13:56:49.252000, [((67.209513174118499+0j), (75.099614495714107+0j)), 0, 0, 0], 1, 1, NoTrigger
13:56:49.311000, Starburst threshold too low
13:56:49.355000, [((29.386746494491963+0j), (66.096095365743054+0j)), 0, 0, 0], 1, 1, NoTrigger
13:56:50.448000, Maximum ransac iterations exceeded
13:56:50.471000, [((29.726075360828805+0j), (64.214049020852457+0j)), 0, 0, 0], 1, 1, NoTrigger
13:56:50.489000, [((31.136324983947468+0j), (62.099865461410033+0j)), 0, 0, 0], 1, 1, NoTrigger
13:56:50.535000, [((31.138140560566026+0j), (63.914792428772408+0j)), 0, 0, 0], 1, 1, NoTrigger
13:56:50.564000, [((31.120062320389987+0j), (62.05693923829395+0j)), 0, 0, 0], 1, 1, NoTrigger
13:56:50.595000, [((31.120062320389987+0j), (62.05693923829395+0j)), 0, 0, 0], 1, 1, NoTrigger
13:56:50.618000, [((31.471940227097331+0j), (63.07505529256732+0j)), 0, 0, 0], 1, 1, NoTrigger
13:56:50.645000, [((31.082536191598489+0j), (62.468937043690836+0j)), 0, 0, 0], 1, 1, NoTrigger
13:56:50.690000, [((31.363365505488193+0j), (61.309114436700995+0j)), 0, 0, 0], 1, 1, NoTrigger
13:56:50.852000, Starburst threshold too low
13:56:51.439000, Maximum ransac iterations exceeded
13:56:52.745000, Maximum ransac iterations exceeded
13:56:52.839000, Starburst threshold too low
13:56:54.077000, Maximum ransac iterations exceeded
13:56:54.167000, Starburst threshold too low
13:56:55.372000, Maximum ransac iterations exceeded
13:56:56.040000, Maximum ransac iterations exceeded
13:56:56.760000, Maximum ransac iterations exceeded
13:56:58.006000, Maximum ransac iterations exceeded
13:56:59.237000, Maximum ransac iterations exceeded
13:56:59.758000, [((30.676389810608825+0j), (65.755494089225607+0j)), 0, 0, 0], 1, 1, NoTrigger
13:57:00.961000, Maximum ransac iterations exceeded
13:57:02.227000, Maximum ransac iterations exceeded
13:57:03.397000, Maximum ransac iterations exceeded
13:57:03.417000, [((26.813832579521346+0j), (101.18611165473393+0j)), 0, 0, 0], 1, 1, NoTrigger
13:57:04.634000, Maximum ransac iterations exceeded
13:57:05.864000, Maximum ransac iterations exceeded
13:57:07.063000, Maximum ransac iterations exceeded
13:57:07.155000, Starburst threshold too low
13:57:07.823000, Maximum ransac iterations exceeded
13:57:07.849000, [((44.637472676514747+0j), (101.29980659280183+0j)), 0, 0, 0], 1, 1, NoTrigger
13:57:07.866000, [((72.506204796364912+0j), (78.864025750628201+0j)), 0, 0, 0], 1, 1, NoTrigger
13:57:07.886000, [((71.912242508930703+0j), (80.896069498517065+0j)), 0, 0, 0], 1, 1, NoTrigger
13:57:08.816000, Maximum ransac iterations exceeded
13:57:10.036000, Maximum ransac iterations exceeded
13:57:11.045000, Maximum ransac iterations exceeded
13:57:11.063000, [((73.458153794331196+0j), (83.625497790806207+0j)), 0, 0, 0], 1, 1, NoTrigger
13:57:11.084000, [((73.436728727085011+0j), (83.175519988969967+0j)), 0, 0, 0], 1, 1, NoTrigger
13:57:11.143000, [((73.425397300203301+0j), (83.06016691333619+0j)), 0, 0, 0], 1, 1, NoTrigger
13:57:11.196000, [((73.44092618939861+0j), (83.047054695902119+0j)), 0, 0, 0], 1, 1, NoTrigger
13:57:11.222000, [0, ((85.717099099809914+0j), (77.811524757497622+0j)), 0, 0], 1, 1, NoTrigger
13:57:11.238000, [0, ((85.830571901684138+0j), (77.542718377895753+0j)), 0, 0], 1, 1, NoTrigger
13:57:11.259000, [0, ((85.556771450618072+0j), (77.165258753272909+0j)), 0, 0], 1, 1, NoTrigger
13:57:11.292000, [0, ((85.589801521370873+0j), (78.039110781356229+0j)), 0, 0], 1, 1, NoTrigger
13:57:11.312000, [0, ((85.657414729628414+0j), (77.236632720198671+0j)), 0, 0], 1, 1, NoTrigger
13:57:11.329000, [0, ((85.460836703287754+0j), (77.228174217836496+0j)), 0, 0], 1, 1, NoTrigger
13:57:11.351000, [0, ((85.491353677135152+0j), (77.152416683769005+0j)), 0, 0], 1, 1, NoTrigger
13:57:11.372000, [0, ((84.72855614218166+0j), (76.78853402415848+0j)), 0, 0], 1, 1, NoTrigger
13:57:11.391000, [0, ((84.7334011622129+0j), (76.685095963658327+0j)), 0, 0], 1, 1, NoTrigger
13:57:11.410000, [0, ((85.220313010600705+0j), (76.765063831927733+0j)), 0, 0], 1, 1, NoTrigger
13:57:11.500000, [0, ((85.669092239926087+0j), (78.358241506598773+0j)), 0, 0], 1, 1, NoTrigger
13:57:11.521000, [0, ((70.332634560004195+0j), (63.962866630498688+0j)), 0, 0], 1, 1, NoTrigger
13:57:11.540000, [0, ((70.535044547762851+0j), (64.214882537934415+0j)), 0, 0], 1, 1, NoTrigger
13:57:11.565000, [0, ((70.535044547762851+0j), (64.214882537934415+0j)), 0, 0], 1, 1, NoTrigger
13:57:11.590000, [0, ((70.535044547762851+0j), (64.214882537934415+0j)), 0, 0], 1, 1, NoTrigger
13:57:11.623000, [0, ((69.829842811756009+0j), (63.707902201748034+0j)), 0, 0], 1, 1, NoTrigger
13:57:11.651000, [0, ((70.134804404738261+0j), (65.221352671306121+0j)), 0, 0], 1, 1, NoTrigger
13:57:11.673000, [0, ((68.680105520509429+0j), (63.421713049562292+0j)), 0, 0], 1, 1, NoTrigger
13:57:11.693000, [0, ((68.680105520509429+0j), (63.421713049562292+0j)), 0, 0], 1, 1, NoTrigger
13:57:11.710000, [0, ((69.336507642022511+0j), (63.604161807272298+0j)), 0, 0], 1, 1, NoTrigger
13:57:11.735000, [0, ((68.796153784982153+0j), (63.830829495495372+0j)), 0, 0], 1, 1, NoTrigger
13:57:11.786000, [0, ((67.742456986921454+0j), (63.564762295158644+0j)), 0, 0], 1, 1, NoTrigger
13:57:11.803000, [((85.413990140660601+0j), (58.99408748793104+0j)), 0, 0, 0], 1, 1, NoTrigger
13:57:12.154000, [((85.231370589118043+0j), (58.864992528153671+0j)), 0, 0, 0], 1, 1, NoTrigger
13:57:12.176000, [((85.869543145775154+0j), (57.485007703340266+0j)), 0, 0, 0], 1, 1, NoTrigger
13:57:12.833000, Maximum ransac iterations exceeded
13:57:12.856000, [((84.733441512551821+0j), (58.816689861356622+0j)), 0, 0, 0], 1, 1, NoTrigger
13:57:12.871000, [((84.97973643197102+0j), (59.121406770165123+0j)), 0, 0, 0], 1, 1, NoTrigger
13:57:12.897000, [((84.283829294182965+0j), (59.672914617310767+0j)), 0, 0, 0], 1, 1, NoTrigger
13:57:12.926000, [((81.332929555337515+0j), (59.644292273913997+0j)), 0, 0, 0], 1, 1, NoTrigger
13:57:12.957000, [((79.390282873203702+0j), (60.707882578771333+0j)), 0, 0, 0], 1, 1, NoTrigger
13:57:13.005000, [((79.795195029888632+0j), (59.129620331423787+0j)), 0, 0, 0], 1, 1, NoTrigger
13:57:13.086000, [((78.522527997680427+0j), (59.619491178005006+0j)), 0, 0, 0], 1, 1, NoTrigger
13:57:13.122000, [((79.547819709799967+0j), (60.715423243485951+0j)), 0, 0, 0], 1, 1, NoTrigger
13:57:13.141000, [((79.579569261365421+0j), (61.099682605165775+0j)), 0, 0, 0], 1, 1, NoTrigger
13:57:13.171000, [((79.984687078467488+0j), (60.97410712515385+0j)), 0, 0, 0], 1, 1, NoTrigger
13:57:13.187000, [((79.636574025489111+0j), (60.806700789496318+0j)), 0, 0, 0], 1, 1, NoTrigger
13:57:13.211000, [((79.931605092677387+0j), (61.714321396701088+0j)), 0, 0, 0], 1, 1, NoTrigger
13:57:13.232000, [((79.810956638634536+0j), (60.834072937641977+0j)), 0, 0, 0], 1, 1, NoTrigger
13:57:13.305000, [((79.960571140352997+0j), (60.910876684361021+0j)), 0, 0, 0], 1, 1, NoTrigger
13:57:13.339000, [((80.440161716637277+0j), (60.786891909105016+0j)), 0, 0, 0], 1, 1, NoTrigger
13:57:13.387000, [((79.736085622678331+0j), (60.839079938413803+0j)), 0, 0, 0], 1, 1, NoTrigger
13:57:13.444000, [((79.957395617243364+0j), (60.93147983925035+0j)), 0, 0, 0], 1, 1, NoTrigger
13:57:13.536000, [((80.074137530599373+0j), (61.312901822057867+0j)), 0, 0, 0], 1, 1, NoTrigger
13:57:13.562000, [((82.925291727610741+0j), (71.680623835737421+0j)), 0, 0, 0], 1, 1, NoTrigger
13:57:13.598000, [((84.916626533047051+0j), (71.817292298792552+0j)), 0, 0, 0], 1, 1, NoTrigger
13:57:13.625000, [((83.725352426275023+0j), (69.362728896610435+0j)), 0, 0, 0], 1, 1, NoTrigger
13:57:13.648000, Asuming false positive
13:57:13.670000, [((84.708832836378107+0j), (65.605841785532178+0j)), 0, 0, 0], 1, 1, NoTrigger
13:57:13.704000, [((84.611330455277397+0j), (60.868207996704946+0j)), 0, 0, 0], 1, 1, NoTrigger
13:57:13.724000, [((84.709650653525287+0j), (61.526455128787006+0j)), 0, 0, 0], 1, 1, NoTrigger
13:57:13.742000, [((84.403385192869507+0j), (60.768413812581748+0j)), 0, 0, 0], 1, 1, NoTrigger
13:57:13.770000, [((84.097297310170788+0j), (60.195735385406159+0j)), 0, 0, 0], 1, 1, NoTrigger
13:57:13.789000, [((84.448780642743358+0j), (60.66567629738072+0j)), 0, 0, 0], 1, 1, NoTrigger
13:57:13.879000, [((85.156244258480513+0j), (60.680196478700623+0j)), 0, 0, 0], 1, 1, NoTrigger
13:57:13.935000, [((84.925575845914622+0j), (56.165431071175206+0j)), 0, 0, 0], 1, 1, NoTrigger
13:57:14.553000, Maximum ransac iterations exceeded
13:57:14.580000, [((85.99894685128551+0j), (57.23602070318541+0j)), 0, 0, 0], 1, 1, NoTrigger
13:57:14.609000, [((84.47550173785865+0j), (59.49198999372075+0j)), 0, 0, 0], 1, 1, NoTrigger
13:57:14.628000, [((84.363383119335538+0j), (62.042040917230402+0j)), 0, 0, 0], 1, 1, NoTrigger
13:57:14.658000, [((83.372824708854736+0j), (66.732345599840599+0j)), 0, 0, 0], 1, 1, NoTrigger
13:57:14.681000, [((82.985328552467905+0j), (72.162167647952884+0j)), 0, 0, 0], 1, 1, NoTrigger
13:57:14.714000, [((82.814208117566849+0j), (73.51184648932302+0j)), 0, 0, 0], 1, 1, NoTrigger
13:57:14.747000, [((82.671772196117232+0j), (74.919265786614659+0j)), 0, 0, 0], 1, 1, NoTrigger
13:57:14.798000, [((82.466149839732651+0j), (73.292971434834499+0j)), 0, 0, 0], 1, 1, NoTrigger
13:57:14.843000, [0, ((72.546515150607817+0j), (69.54889532899044+0j)), 0, 0], 1, 1, NoTrigger
13:57:14.919000, [0, ((72.639317737761871+0j), (68.360440465156557+0j)), 0, 0], 1, 1, NoTrigger
13:57:14.938000, [0, ((72.752601814931197+0j), (67.256367130039735+0j)), 0, 0], 1, 1, NoTrigger
13:57:14.961000, [0, ((71.546921223639472+0j), (68.779906454119399+0j)), 0, 0], 1, 1, NoTrigger
13:57:14.996000, [0, ((72.699681553882925+0j), (68.309527832696915+0j)), 0, 0], 1, 1, NoTrigger
13:57:15.022000, [0, ((72.651449972552612+0j), (68.381483929635806+0j)), 0, 0], 1, 1, NoTrigger
13:57:15.062000, [0, ((72.651449972552612+0j), (68.381483929635806+0j)), 0, 0], 1, 1, NoTrigger
13:57:15.088000, [0, ((73.019842582546929+0j), (68.204063945168173+0j)), 0, 0], 1, 1, NoTrigger
13:57:15.120000, [0, ((72.773488952377889+0j), (68.388308617065022+0j)), 0, 0], 1, 1, NoTrigger
13:57:15.145000, [0, ((73.744609160904204+0j), (67.512264104881666+0j)), 0, 0], 1, 1, NoTrigger
13:57:15.196000, [0, ((75.443131417947313+0j), (66.463412340639294+0j)), 0, 0], 1, 1, NoTrigger
13:57:15.218000, [0, ((69.165588412486073+0j), (71.225971431210723+0j)), 0, 0], 1, 1, NoTrigger
13:57:15.251000, Asuming false positive
13:57:15.289000, Asuming false positive
13:57:15.306000, [0, ((69.165588412486073+0j), (71.225971431210723+0j)), 0, 0], 1, 1, NoTrigger
13:57:15.356000, [0, ((69.456646304375269+0j), (71.980290149709262+0j)), 0, 0], 1, 1, NoTrigger
13:57:15.403000, [0, ((69.2357580416556+0j), (72.699754999874216+0j)), 0, 0], 1, 1, NoTrigger
13:57:15.425000, [0, ((69.71201804163438+0j), (71.976910098190956+0j)), 0, 0], 1, 1, NoTrigger
13:57:15.457000, [0, ((69.084327820046411+0j), (71.200245235281372+0j)), 0, 0], 1, 1, NoTrigger
13:57:15.496000, [0, ((68.870818870490339+0j), (71.997655746993615+0j)), 0, 0], 1, 1, NoTrigger
13:57:15.552000, Starburst threshold too low
13:57:15.640000, Starburst threshold too low
13:57:15.700000, Starburst threshold too low
13:57:15.742000, [0, ((70.176337768248956+0j), (69.76085532681752+0j)), 0, 0], 1, 1, NoTrigger
13:57:15.783000, [0, ((31.656131712019587+0j), (130.47154048320755+0j)), 0, 0], 1, 1, NoTrigger
13:57:15.813000, [0, ((29.488460157835771+0j), (129.16483296990185+0j)), 0, 0], 1, 1, NoTrigger
13:57:16.451000, Maximum ransac iterations exceeded
13:57:16.471000, [0, ((27.198564931642707+0j), (129.48226399701062+0j)), 0, 0], 1, 1, NoTrigger
13:57:16.495000, [0, ((69.313693052201344+0j), (72.079797977863706+0j)), 0, 0], 1, 1, NoTrigger
13:57:16.579000, [0, ((69.818213833945805+0j), (73.344521668929559+0j)), 0, 0], 1, 1, NoTrigger
13:57:16.616000, [0, ((68.399710291444777+0j), (76.818267275926672+0j)), 0, 0], 1, 1, NoTrigger
13:57:16.659000, [0, ((67.458213807650054+0j), (73.620802448508513+0j)), 0, 0], 1, 1, NoTrigger
13:57:16.702000, [((81.893014572906026+0j), (69.788635155429134+0j)), 0, 0, 0], 1, 1, NoTrigger
13:57:16.732000, [((81.805774445619818+0j), (69.285069785491785+0j)), 0, 0, 0], 1, 1, NoTrigger
13:57:16.751000, [((81.89976034900252+0j), (70.496509372256142+0j)), 0, 0, 0], 1, 1, NoTrigger
13:57:16.775000, [((81.860866250046698+0j), (68.833375289655066+0j)), 0, 0, 0], 1, 1, NoTrigger
13:57:16.811000, [((82.212992324083203+0j), (69.151677025865368+0j)), 0, 0, 0], 1, 1, NoTrigger
13:57:16.832000, [((82.201234893814572+0j), (69.157640739951418+0j)), 0, 0, 0], 1, 1, NoTrigger
13:57:16.847000, [((82.216698915542409+0j), (69.284726798093715+0j)), 0, 0, 0], 1, 1, NoTrigger
13:57:16.885000, [((81.952200951178384+0j), (69.002649597077607+0j)), 0, 0, 0], 1, 1, NoTrigger
13:57:17.497000, Maximum ransac iterations exceeded
13:57:18.120000, Maximum ransac iterations exceeded
13:57:18.174000, [((82.184518114682632+0j), (68.944513717851876+0j)), 0, 0, 0], 1, 1, NoTrigger
13:57:18.202000, [((81.203127537746255+0j), (70.759252027632073+0j)), 0, 0, 0], 1, 1, NoTrigger
13:57:18.225000, [((81.155885083171398+0j), (71.308031700316036+0j)), 0, 0, 0], 1, 1, NoTrigger
13:57:18.244000, [((80.266675991992543+0j), (70.514603948207494+0j)), 0, 0, 0], 1, 1, NoTrigger
13:57:18.276000, [((80.161221823563594+0j), (70.404787082358013+0j)), 0, 0, 0], 1, 1, NoTrigger
13:57:18.303000, [((79.979181710264371+0j), (69.697313883332697+0j)), 0, 0, 0], 1, 1, NoTrigger
13:57:18.325000, [((79.955477287776105+0j), (62.226069268875015+0j)), 0, 0, 0], 1, 1, NoTrigger
13:57:18.342000, [((79.2747601573613+0j), (61.449057120305056+0j)), 0, 0, 0], 1, 1, NoTrigger
13:57:18.365000, [((79.818039481055152+0j), (60.257339394280898+0j)), 0, 0, 0], 1, 1, NoTrigger
13:57:18.388000, [((79.203958168913502+0j), (60.273849923428791+0j)), 0, 0, 0], 1, 1, NoTrigger
13:57:18.408000, [((79.671135682416462+0j), (60.137507965642115+0j)), 0, 0, 0], 1, 1, NoTrigger
13:57:18.488000, [((79.066183915153616+0j), (59.853753258251295+0j)), 0, 0, 0], 1, 1, NoTrigger
13:57:18.505000, [0, ((70.506257144327719+0j), (74.848544917561313+0j)), 0, 0], 1, 1, NoTrigger
13:57:18.545000, [0, ((70.506257144327719+0j), (74.848544917561313+0j)), 0, 0], 1, 1, NoTrigger
13:57:18.562000, [0, ((70.055940337450494+0j), (75.422008910639079+0j)), 0, 0], 1, 1, NoTrigger
13:57:18.595000, [0, ((70.055940337450494+0j), (75.422008910639079+0j)), 0, 0], 1, 1, NoTrigger
13:57:18.615000, [0, ((70.290469625316476+0j), (75.464513814439044+0j)), 0, 0], 1, 1, NoTrigger
13:57:18.645000, [0, ((70.290469625316476+0j), (75.464513814439044+0j)), 0, 0], 1, 1, NoTrigger
13:57:18.677000, [0, ((70.17285515118003+0j), (75.52109471616869+0j)), 0, 0], 1, 1, NoTrigger
13:57:18.709000, [0, ((70.123867398435991+0j), (75.39025887775135+0j)), 0, 0], 1, 1, NoTrigger
13:57:18.732000, [0, ((69.883201541403096+0j), (75.303385229503306+0j)), 0, 0], 1, 1, NoTrigger
13:57:18.774000, [0, ((70.410699202781856+0j), (75.792438148339315+0j)), 0, 0], 1, 1, NoTrigger
13:57:18.822000, [0, ((69.973799898225309+0j), (77.96499041571326+0j)), 0, 0], 1, 1, NoTrigger
13:57:18.845000, [((81.995392773353714+0j), (68.887800998761548+0j)), 0, 0, 0], 1, 1, NoTrigger
13:57:19.215000, [((82.074835276851758+0j), (73.250441796276149+0j)), 0, 0, 0], 1, 1, NoTrigger
13:57:19.241000, [((81.00665419500794+0j), (75.888928056056372+0j)), 0, 0, 0], 1, 1, NoTrigger
13:57:19.288000, [((81.665536822585935+0j), (75.006419652556886+0j)), 0, 0, 0], 1, 1, NoTrigger
13:57:19.313000, [((81.471506789821234+0j), (78.977077594700262+0j)), 0, 0, 0], 1, 1, NoTrigger
13:57:19.334000, [((82.048850605152438+0j), (78.776112822343634+0j)), 0, 0, 0], 1, 1, NoTrigger
13:57:19.358000, [((82.265493966370158+0j), (79.434537001975841+0j)), 0, 0, 0], 1, 1, NoTrigger
13:57:19.382000, [((81.300058696121937+0j), (77.76018089724181+0j)), 0, 0, 0], 1, 1, NoTrigger
13:57:19.411000, [((81.669767111607683+0j), (78.283264235809696+0j)), 0, 0, 0], 1, 1, NoTrigger
13:57:19.442000, [((82.037497069717347+0j), (77.173295799850152+0j)), 0, 0, 0], 1, 1, NoTrigger
13:57:19.527000, [((78.474891359319912+0j), (75.775987518126414+0j)), 0, 0, 0], 1, 1, NoTrigger
13:57:19.575000, [((78.856387518872651+0j), (65.262742620068877+0j)), 0, 0, 0], 1, 1, NoTrigger
13:57:20.359000, [((79.462507689372487+0j), (66.502629182728569+0j)), 0, 0, 0], 1, 1, NoTrigger
13:57:20.811000, [((78.320154628703364+0j), (65.686241153047817+0j)), 0, 0, 0], 1, 1, NoTrigger
13:57:20.882000, [((74.028007375734603+0j), (59.335930990389336+0j)), 0, 0, 0], 1, 1, NoTrigger
13:57:21.012000, [((78.583380003173787+0j), (66.719234963811601+0j)), 0, 0, 0], 1, 1, NoTrigger
13:57:21.070000, [((78.654517149419036+0j), (66.696225018158501+0j)), 0, 0, 0], 1, 1, NoTrigger
13:57:21.156000, [((79.074992197987839+0j), (67.254500747837994+0j)), 0, 0, 0], 1, 1, NoTrigger
13:57:21.195000, [((74.227928195736283+0j), (60.274406891679853+0j)), 0, 0, 0], 1, 1, NoTrigger
13:57:21.237000, [((79.251766186457274+0j), (67.329653372352169+0j)), 0, 0, 0], 1, 1, NoTrigger
13:57:21.269000, [((78.258516528659371+0j), (66.927130839152142+0j)), 0, 0, 0], 1, 1, NoTrigger
13:57:21.351000, [((78.171874201046549+0j), (66.604870770396147+0j)), 0, 0, 0], 1, 1, NoTrigger
13:57:21.392000, [((80.577572951898219+0j), (69.072099093933716+0j)), 0, 0, 0], 1, 1, NoTrigger
13:57:21.418000, [((80.400760728804499+0j), (68.07125013295429+0j)), 0, 0, 0], 1, 1, NoTrigger
13:57:21.457000, [((80.574012485993336+0j), (67.943209226205312+0j)), 0, 0, 0], 1, 1, NoTrigger
13:57:21.479000, [((80.241894633866394+0j), (67.893059225062132+0j)), 0, 0, 0], 1, 1, NoTrigger
13:57:21.498000, [((80.145165342593373+0j), (66.686500951952993+0j)), 0, 0, 0], 1, 1, NoTrigger
13:57:21.517000, [((80.081173652431161+0j), (66.598795884733519+0j)), 0, 0, 0], 1, 1, NoTrigger
13:57:21.554000, [((80.081173652431161+0j), (66.598795884733519+0j)), 0, 0, 0], 1, 1, NoTrigger
13:57:21.576000, [((81.45550453807671+0j), (68.962810305853694+0j)), 0, 0, 0], 1, 1, NoTrigger
13:57:21.606000, [((80.338002504254547+0j), (67.261938329090498+0j)), 0, 0, 0], 1, 1, NoTrigger
13:57:21.649000, [((78.583581079205729+0j), (65.976217786297113+0j)), 0, 0, 0], 1, 1, NoTrigger
13:57:21.699000, [((80.40648418808928+0j), (67.006995298547849+0j)), 0, 0, 0], 1, 1, NoTrigger
13:57:21.740000, [((81.840104437117176+0j), (72.765888806446284+0j)), 0, 0, 0], 1, 1, NoTrigger
13:57:21.761000, [((81.189132968608703+0j), (74.140704846688067+0j)), 0, 0, 0], 1, 1, NoTrigger
13:57:21.824000, [((81.309323657016293+0j), (75.044329894560519+0j)), 0, 0, 0], 1, 1, NoTrigger
13:57:21.839000, [((80.025758226042342+0j), (75.5561781840929+0j)), 0, 0, 0], 1, 1, NoTrigger
13:57:21.860000, [((78.421274580058579+0j), (73.810997463636795+0j)), 0, 0, 0], 1, 1, NoTrigger
13:57:21.883000, [((78.835733742823251+0j), (75.008661727135248+0j)), 0, 0, 0], 1, 1, NoTrigger
13:57:21.905000, [((79.021011855855036+0j), (74.503043362745061+0j)), 0, 0, 0], 1, 1, NoTrigger
13:57:21.922000, [((78.158001157342255+0j), (73.593076551733859+0j)), 0, 0, 0], 1, 1, NoTrigger
13:57:21.960000, [((78.582205953370362+0j), (73.733904011722359+0j)), 0, 0, 0], 1, 1, NoTrigger
13:57:21.980000, [((78.495919762682519+0j), (73.661511268380238+0j)), 0, 0, 0], 1, 1, NoTrigger
13:57:22.026000, [((79.063712830575255+0j), (74.697796266325952+0j)), 0, 0, 0], 1, 1, NoTrigger
13:57:22.057000, [((79.587731294302884+0j), (65.965543500284724+0j)), 0, 0, 0], 1, 1, NoTrigger
13:57:22.087000, [((79.154650509138406+0j), (65.704573409193003+0j)), 0, 0, 0], 1, 1, NoTrigger
13:57:22.107000, [((80.854283269397428+0j), (66.424535218482561+0j)), 0, 0, 0], 1, 1, NoTrigger
13:57:22.123000, [((79.200832925193964+0j), (65.635573749852952+0j)), 0, 0, 0], 1, 1, NoTrigger
13:57:22.145000, [((80.035005822531289+0j), (66.57324379051704+0j)), 0, 0, 0], 1, 1, NoTrigger
13:57:22.180000, [((79.757136132062527+0j), (65.978015408909428+0j)), 0, 0, 0], 1, 1, NoTrigger
13:57:22.198000, [((79.164058417842085+0j), (65.689413886892609+0j)), 0, 0, 0], 1, 1, NoTrigger
13:57:22.220000, [((80.652030398567277+0j), (65.882773916711372+0j)), 0, 0, 0], 1, 1, NoTrigger
13:57:22.238000, [((80.31634772830084+0j), (65.776464851705924+0j)), 0, 0, 0], 1, 1, NoTrigger
13:57:22.256000, [((80.77670559638041+0j), (65.92256100260839+0j)), 0, 0, 0], 1, 1, NoTrigger
13:57:22.307000, [((81.108282009772296+0j), (65.737034723709172+0j)), 0, 0, 0], 1, 1, NoTrigger
13:57:22.354000, [0, ((69.438521137145671+0j), (66.43601694259219+0j)), 0, 0], 1, 1, NoTrigger
13:57:22.401000, [0, ((68.551268755764355+0j), (66.633287445174034+0j)), 0, 0], 1, 1, NoTrigger
13:57:22.420000, [0, ((69.300211073598106+0j), (66.089936501811863+0j)), 0, 0], 1, 1, NoTrigger
13:57:22.437000, [0, ((69.438521137145671+0j), (66.43601694259219+0j)), 0, 0], 1, 1, NoTrigger
13:57:22.481000, [0, ((69.438521137145671+0j), (66.43601694259219+0j)), 0, 0], 1, 1, NoTrigger
13:57:22.517000, [0, ((67.863387392714145+0j), (66.644581243962193+0j)), 0, 0], 1, 1, NoTrigger
13:57:22.551000, Starburst threshold too low
13:57:22.590000, Starburst threshold too low
13:57:23.224000, Maximum ransac iterations exceeded
13:57:23.317000, [0, ((69.695749958073009+0j), (64.69602235595913+0j)), 0, 0], 1, 1, NoTrigger
13:57:23.388000, [0, ((64.582298791060822+0j), (63.840147202190487+0j)), 0, 0], 1, 1, NoTrigger
13:57:23.473000, Asuming false positive
13:57:23.500000, [((74.670026003162846+0j), (57.958500526036858+0j)), 0, 0, 0], 1, 1, NoTrigger
13:57:23.548000, [((76.407375986740192+0j), (59.794942422643153+0j)), 0, 0, 0], 1, 1, NoTrigger
13:57:23.568000, [((76.503319233735809+0j), (60.648363169578076+0j)), 0, 0, 0], 1, 1, NoTrigger
13:57:23.590000, [((77.045309932281356+0j), (61.746104941377183+0j)), 0, 0, 0], 1, 1, NoTrigger
13:57:23.638000, [((77.111715857753424+0j), (62.060761417550388+0j)), 0, 0, 0], 1, 1, NoTrigger
13:57:23.695000, [((77.343943046979788+0j), (58.574718614665265+0j)), 0, 0, 0], 1, 1, NoTrigger
13:57:23.716000, [((77.652116561590418+0j), (57.237911111217556+0j)), 0, 0, 0], 1, 1, NoTrigger
13:57:23.744000, [((77.404551985740369+0j), (58.461330747999732+0j)), 0, 0, 0], 1, 1, NoTrigger
13:57:23.763000, [((76.97436848064865+0j), (59.913291890560906+0j)), 0, 0, 0], 1, 1, NoTrigger
13:57:23.807000, [((76.641687450156553+0j), (59.555041140076035+0j)), 0, 0, 0], 1, 1, NoTrigger
13:57:23.839000, [((87.018437908483037+0j), (66.748499222013379+0j)), 0, 0, 0], 1, 1, NoTrigger
13:57:23.857000, [((88.430119495456381+0j), (67.638907895769734+0j)), 0, 0, 0], 1, 1, NoTrigger
13:57:23.875000, [((88.941551530325782+0j), (68.599904087817421+0j)), 0, 0, 0], 1, 1, NoTrigger
13:57:23.889000, [((89.724686448473804+0j), (67.068805137499993+0j)), 0, 0, 0], 1, 1, NoTrigger
13:57:23.924000, [((90.093984022134819+0j), (68.274945533461761+0j)), 0, 0, 0], 1, 1, NoTrigger
13:57:23.939000, [((90.462447588038657+0j), (68.890373938311768+0j)), 0, 0, 0], 1, 1, NoTrigger
13:57:23.959000, [((90.169668542135938+0j), (68.847557133046394+0j)), 0, 0, 0], 1, 1, NoTrigger
13:57:23.987000, [((90.169668542135938+0j), (68.847557133046394+0j)), 0, 0, 0], 1, 1, NoTrigger
13:57:24.006000, [((90.11923583635901+0j), (68.481550141093905+0j)), 0, 0, 0], 1, 1, NoTrigger
13:57:24.026000, [((90.992283783714925+0j), (69.501427522300602+0j)), 0, 0, 0], 1, 1, NoTrigger
13:57:24.084000, [((88.638539824755284+0j), (69.050138041502478+0j)), 0, 0, 0], 1, 1, NoTrigger
13:57:24.133000, [((80.666415646511723+0j), (71.768211878620093+0j)), 0, 0, 0], 1, 1, NoTrigger
13:57:24.180000, [((77.754807281467819+0j), (70.881790989326419+0j)), 0, 0, 0], 1, 1, NoTrigger
13:57:24.278000, [((79.088645853290572+0j), (72.258618073298919+0j)), 0, 0, 0], 1, 1, NoTrigger
13:57:24.328000, [((79.206265235598948+0j), (72.492888764194149+0j)), 0, 0, 0], 1, 1, NoTrigger
13:57:24.372000, [((77.159140449053751+0j), (71.13285956930757+0j)), 0, 0, 0], 1, 1, NoTrigger
13:57:24.419000, [((77.539883472236738+0j), (72.83739655483096+0j)), 0, 0, 0], 1, 1, NoTrigger
13:57:24.522000, [((77.526380798172241+0j), (72.936290164293496+0j)), 0, 0, 0], 1, 1, NoTrigger
13:57:24.588000, [((77.136204531656858+0j), (71.396787820963993+0j)), 0, 0, 0], 1, 1, NoTrigger
13:57:25.557000, Maximum ransac iterations exceeded
13:57:26.525000, Maximum ransac iterations exceeded
13:57:26.569000, [((79.460953430211262+0j), (65.789900714744675+0j)), 0, 0, 0], 1, 1, NoTrigger
13:57:26.590000, [((78.012728379579258+0j), (67.097734345124479+0j)), 0, 0, 0], 1, 1, NoTrigger
13:57:26.630000, [((77.954545711712328+0j), (67.033403581350072+0j)), 0, 0, 0], 1, 1, NoTrigger
13:57:26.655000, [((78.132388384937698+0j), (66.890628583559419+0j)), 0, 0, 0], 1, 1, NoTrigger
13:57:26.671000, [((80.474915209065941+0j), (64.688578045519137+0j)), 0, 0, 0], 1, 1, NoTrigger
13:57:26.690000, [((83.084522859581043+0j), (63.081699625551813+0j)), 0, 0, 0], 1, 1, NoTrigger
13:57:26.704000, [((82.959783068305384+0j), (62.924206790718429+0j)), 0, 0, 0], 1, 1, NoTrigger
13:57:26.727000, [((82.885254484154189+0j), (62.915172416508817+0j)), 0, 0, 0], 1, 1, NoTrigger
13:57:26.749000, [((83.004852498049402+0j), (63.084058119956154+0j)), 0, 0, 0], 1, 1, NoTrigger
13:57:26.767000, [((82.789966624701265+0j), (62.593282267150869+0j)), 0, 0, 0], 1, 1, NoTrigger
13:57:26.796000, [((82.766891783832492+0j), (62.6536779218155+0j)), 0, 0, 0], 1, 1, NoTrigger
13:57:26.852000, [((82.770130636159422+0j), (62.680741252630774+0j)), 0, 0, 0], 1, 1, NoTrigger
13:57:26.884000, [0, ((60.456998344730678+0j), (57.960534938320777+0j)), 0, 0], 1, 1, NoTrigger
13:57:26.904000, [0, ((61.443579010993169+0j), (57.539918211760721+0j)), 0, 0], 1, 1, NoTrigger
13:57:26.937000, [0, ((60.456998344730678+0j), (57.960534938320777+0j)), 0, 0], 1, 1, NoTrigger
13:57:26.978000, [0, ((61.443579010993169+0j), (57.539918211760721+0j)), 0, 0], 1, 1, NoTrigger
13:57:27.011000, [0, ((61.443579010993169+0j), (57.539918211760721+0j)), 0, 0], 1, 1, NoTrigger
13:57:27.027000, [0, ((60.553119530339131+0j), (58.090972604629755+0j)), 0, 0], 1, 1, NoTrigger
13:57:27.066000, [0, ((60.553119530339131+0j), (58.090972604629755+0j)), 0, 0], 1, 1, NoTrigger
13:57:27.097000, [0, ((59.680708439615664+0j), (58.802145880941815+0j)), 0, 0], 1, 1, NoTrigger
13:57:27.153000, [0, ((57.30266565739057+0j), (58.82618593338966+0j)), 0, 0], 1, 1, NoTrigger
13:57:27.223000, [0, ((52.695571236544197+0j), (60.593079623080385+0j)), 0, 0], 1, 1, NoTrigger
13:57:27.274000, [0, ((49.951106800629702+0j), (59.27649260076862+0j)), 0, 0], 1, 1, NoTrigger
13:57:27.294000, [((85.785884621320093+0j), (68.862718966068911+0j)), 0, 0, 0], 1, 1, NoTrigger
13:57:27.312000, [((85.785884621320093+0j), (68.862718966068911+0j)), 0, 0, 0], 1, 1, NoTrigger
13:57:27.331000, [((85.334023162379211+0j), (69.095113909309759+0j)), 0, 0, 0], 1, 1, NoTrigger
13:57:27.345000, [((84.405384949007541+0j), (68.702872282840701+0j)), 0, 0, 0], 1, 1, NoTrigger
13:57:27.367000, [((85.334023162379211+0j), (69.095113909309759+0j)), 0, 0, 0], 1, 1, NoTrigger
13:57:27.384000, [((85.247853392047162+0j), (69.029607382768731+0j)), 0, 0, 0], 1, 1, NoTrigger
13:57:27.408000, [((84.990775494483913+0j), (69.091975233276045+0j)), 0, 0, 0], 1, 1, NoTrigger
13:57:27.430000, [((85.157387918628871+0j), (68.789931467952258+0j)), 0, 0, 0], 1, 1, NoTrigger
13:57:27.457000, [((85.068207694238069+0j), (69.129803836679045+0j)), 0, 0, 0], 1, 1, NoTrigger
13:57:27.507000, [((83.584831236704858+0j), (69.964132279532848+0j)), 0, 0, 0], 1, 1, NoTrigger
13:57:27.569000, [((85.137673329875909+0j), (67.788344851205238+0j)), 0, 0, 0], 1, 1, NoTrigger
13:57:27.593000, [((74.073806216855331+0j), (62.0631645625527+0j)), 0, 0, 0], 1, 1, NoTrigger
13:57:27.624000, [((74.140976723690869+0j), (62.023304289529207+0j)), 0, 0, 0], 1, 1, NoTrigger
13:57:27.656000, [((74.086607459959637+0j), (61.897954629300131+0j)), 0, 0, 0], 1, 1, NoTrigger
13:57:27.673000, [((74.21802745360857+0j), (61.958394720877067+0j)), 0, 0, 0], 1, 1, NoTrigger
13:57:27.737000, [((72.584976528623002+0j), (61.77931818456539+0j)), 0, 0, 0], 1, 1, NoTrigger
13:57:27.768000, [((71.454917404763876+0j), (61.875369505248813+0j)), 0, 0, 0], 1, 1, NoTrigger
13:57:27.792000, [((71.277279522531316+0j), (60.399997339647534+0j)), 0, 0, 0], 1, 1, NoTrigger
13:57:27.821000, [((71.440935045937067+0j), (61.659293140002781+0j)), 0, 0, 0], 1, 1, NoTrigger
13:57:27.853000, [((71.990918672190688+0j), (61.927253306539328+0j)), 0, 0, 0], 1, 1, NoTrigger
13:57:27.874000, [((71.704188692541948+0j), (61.578897923018609+0j)), 0, 0, 0], 1, 1, NoTrigger
13:57:27.933000, [((71.352566690158127+0j), (62.185257796757256+0j)), 0, 0, 0], 1, 1, NoTrigger
13:57:27.975000, [((75.038626285465213+0j), (64.160861652970979+0j)), 0, 0, 0], 1, 1, NoTrigger
13:57:27.998000, [((76.182960382478015+0j), (62.893168616198167+0j)), 0, 0, 0], 1, 1, NoTrigger
13:57:28.018000, [((75.706588059607412+0j), (63.026712138088506+0j)), 0, 0, 0], 1, 1, NoTrigger
13:57:28.039000, [((74.922618356848886+0j), (63.643175393243538+0j)), 0, 0, 0], 1, 1, NoTrigger
13:57:28.073000, [((75.931596403213192+0j), (62.910758215335647+0j)), 0, 0, 0], 1, 1, NoTrigger
13:57:28.107000, [((75.173537572242722+0j), (63.252360010484516+0j)), 0, 0, 0], 1, 1, NoTrigger
13:57:28.125000, [((75.759697613854527+0j), (62.799958509679655+0j)), 0, 0, 0], 1, 1, NoTrigger
13:57:28.143000, [((75.45456641036435+0j), (62.765547683137875+0j)), 0, 0, 0], 1, 1, NoTrigger
13:57:28.180000, [((75.656466892435859+0j), (62.853730172174231+0j)), 0, 0, 0], 1, 1, NoTrigger
13:57:28.209000, [((76.191707336351001+0j), (61.334786186530771+0j)), 0, 0, 0], 1, 1, NoTrigger
13:57:28.717000, [((75.754170922651085+0j), (62.883977272155796+0j)), 0, 0, 0], 1, 1, NoTrigger
13:57:28.885000, [0, ((86.850532066830823+0j), (64.114015209031251+0j)), 0, 0], 1, 1, NoTrigger
13:57:29.339000, [0, ((86.924499975141643+0j), (64.087946653880223+0j)), 0, 0], 1, 1, NoTrigger
13:57:29.581000, [0, ((86.924095742672918+0j), (64.077039475694562+0j)), 0, 0], 1, 1, NoTrigger
13:57:29.959000, [0, ((86.315196064931328+0j), (64.894207746778292+0j)), 0, 0], 1, 1, NoTrigger
13:57:30.015000, [0, ((68.227872201559606+0j), (71.858371285682523+0j)), 0, 0], 1, 1, NoTrigger
13:57:30.065000, [0, ((68.709962621739464+0j), (70.120219835625946+0j)), 0, 0], 1, 1, NoTrigger
13:57:30.582000, Asuming false positive
13:57:30.661000, [0, ((86.629504897299356+0j), (63.261378586613951+0j)), 0, 0], 1, 1, NoTrigger
13:57:30.697000, [0, ((73.543399045806893+0j), (71.281810393567923+0j)), 0, 0], 1, 1, NoTrigger
13:57:30.748000, Asuming false positive
13:57:30.800000, [0, ((77.184501982784624+0j), (69.685021770337926+0j)), 0, 0], 1, 1, NoTrigger
13:57:30.823000, [((83.611369546860388+0j), (73.876606809497062+0j)), 0, 0, 0], 1, 1, NoTrigger
13:57:30.851000, [((83.611369546860388+0j), (73.876606809497062+0j)), 0, 0, 0], 1, 1, NoTrigger
13:57:30.884000, [((83.37406631460118+0j), (73.740005844726255+0j)), 0, 0, 0], 1, 1, NoTrigger
13:57:30.899000, [((83.37406631460118+0j), (73.740005844726255+0j)), 0, 0, 0], 1, 1, NoTrigger
13:57:30.928000, [((83.084560251936608+0j), (73.61910654115772+0j)), 0, 0, 0], 1, 1, NoTrigger
13:57:30.943000, [((82.871644533263861+0j), (73.806434667304416+0j)), 0, 0, 0], 1, 1, NoTrigger
13:57:30.960000, [((82.871644533263861+0j), (73.806434667304416+0j)), 0, 0, 0], 1, 1, NoTrigger
13:57:30.976000, [((82.871644533263861+0j), (73.806434667304416+0j)), 0, 0, 0], 1, 1, NoTrigger
13:57:30.994000, [((82.871644533263861+0j), (73.806434667304416+0j)), 0, 0, 0], 1, 1, NoTrigger
13:57:31.015000, [((82.871644533263861+0j), (73.806434667304416+0j)), 0, 0, 0], 1, 1, NoTrigger
13:57:31.062000, [((82.877395993185942+0j), (73.924126711056289+0j)), 0, 0, 0], 1, 1, NoTrigger
13:57:31.100000, [((83.871644533263876+0j), (68.806434667304401+0j)), 0, 0, 0], 1, 1, NoTrigger
13:57:31.124000, [((83.871644533263876+0j), (68.806434667304401+0j)), 0, 0, 0], 1, 1, NoTrigger
13:57:31.145000, [((83.750347197929074+0j), (68.726606029137031+0j)), 0, 0, 0], 1, 1, NoTrigger
13:57:31.163000, [((83.871644533263876+0j), (68.806434667304401+0j)), 0, 0, 0], 1, 1, NoTrigger
13:57:31.179000, [((83.877395993185942+0j), (68.924126711056303+0j)), 0, 0, 0], 1, 1, NoTrigger
13:57:31.215000, [((83.630600616065905+0j), (68.838244147345932+0j)), 0, 0, 0], 1, 1, NoTrigger
13:57:31.230000, [((83.630600616065905+0j), (68.838244147345932+0j)), 0, 0, 0], 1, 1, NoTrigger
13:57:31.248000, [((83.682777156493458+0j), (68.860638706982073+0j)), 0, 0, 0], 1, 1, NoTrigger
13:57:31.268000, [((84.337312209510671+0j), (68.230970031468416+0j)), 0, 0, 0], 1, 1, NoTrigger
13:57:31.285000, [((85.587528539526176+0j), (67.189843320642098+0j)), 0, 0, 0], 1, 1, NoTrigger
13:57:31.329000, [((88.803436620210647+0j), (66.605221499683751+0j)), 0, 0, 0], 1, 1, NoTrigger
13:57:31.350000, [((86.445949117139037+0j), (66.963739571477817+0j)), 0, 0, 0], 1, 1, NoTrigger
13:57:31.366000, [((86.518312379661154+0j), (66.733184392052365+0j)), 0, 0, 0], 1, 1, NoTrigger
13:57:31.384000, [((86.305948309100671+0j), (66.791203967930755+0j)), 0, 0, 0], 1, 1, NoTrigger
13:57:31.418000, [((85.170589911274106+0j), (66.262040300651108+0j)), 0, 0, 0], 1, 1, NoTrigger
13:57:31.445000, [((86.181519942751578+0j), (66.233248678790474+0j)), 0, 0, 0], 1, 1, NoTrigger
13:57:31.462000, [((86.181519942751578+0j), (66.233248678790474+0j)), 0, 0, 0], 1, 1, NoTrigger
13:57:31.482000, [((85.638721874084993+0j), (66.463111781583223+0j)), 0, 0, 0], 1, 1, NoTrigger
13:57:31.499000, [((86.155684532321359+0j), (66.682436335409733+0j)), 0, 0, 0], 1, 1, NoTrigger
13:57:31.517000, [((86.43966443711264+0j), (66.727268666773341+0j)), 0, 0, 0], 1, 1, NoTrigger
13:57:31.532000, [((86.06018554300951+0j), (66.664448167059703+0j)), 0, 0, 0], 1, 1, NoTrigger
13:57:31.580000, [((86.203681189283699+0j), (66.404433313686226+0j)), 0, 0, 0], 1, 1, NoTrigger
13:57:31.618000, [0, ((76.943148582493265+0j), (74.313069754883074+0j)), 0, 0], 1, 1, NoTrigger
13:57:31.674000, [0, ((76.654137926740432+0j), (74.669585262831617+0j)), 0, 0], 1, 1, NoTrigger
13:57:31.697000, [0, ((78.165155796105623+0j), (73.113877435764593+0j)), 0, 0], 1, 1, NoTrigger
13:57:31.726000, [0, ((76.649286903643471+0j), (74.083584934032274+0j)), 0, 0], 1, 1, NoTrigger
13:57:31.754000, [0, ((76.757826356294018+0j), (74.621250652742361+0j)), 0, 0], 1, 1, NoTrigger
13:57:31.786000, [0, ((76.681019992431956+0j), (74.74883425629821+0j)), 0, 0], 1, 1, NoTrigger
13:57:31.833000, Asuming false positive
13:57:31.900000, [0, ((75.676845581902228+0j), (72.860746263754336+0j)), 0, 0], 1, 1, NoTrigger
13:57:33.127000, Maximum ransac iterations exceeded
13:57:34.256000, Maximum ransac iterations exceeded
13:57:34.355000, [0, ((78.609738862757297+0j), (74.900024674870082+0j)), 0, 0], 1, 1, NoTrigger
13:57:34.401000, [0, ((74.154793246693572+0j), (80.006316247986419+0j)), 0, 0], 1, 1, NoTrigger
13:57:34.447000, [0, ((73.646030244759302+0j), (84.293409261896954+0j)), 0, 0], 1, 1, NoTrigger
13:57:34.498000, [0, ((75.731050038467785+0j), (84.372091176842105+0j)), 0, 0], 1, 1, NoTrigger
13:57:34.516000, [0, ((74.038756938748591+0j), (85.680874167279583+0j)), 0, 0], 1, 1, NoTrigger
13:57:34.563000, [0, ((73.587446970291126+0j), (85.400664478478205+0j)), 0, 0], 1, 1, NoTrigger
13:57:34.580000, [0, ((74.099021457729521+0j), (85.207304502659611+0j)), 0, 0], 1, 1, NoTrigger
13:57:34.597000, [0, ((72.759402354868669+0j), (84.219160557827792+0j)), 0, 0], 1, 1, NoTrigger
13:57:34.652000, [0, ((72.757691690665226+0j), (84.148394278889469+0j)), 0, 0], 1, 1, NoTrigger
13:57:34.707000, [0, ((72.500894712832249+0j), (83.777352537706165+0j)), 0, 0], 1, 1, NoTrigger
13:57:34.765000, [0, ((72.214331455377447+0j), (83.830653752602842+0j)), 0, 0], 1, 1, NoTrigger
13:57:34.795000, [((72.216197557246431+0j), (60.106684309073465+0j)), 0, 0, 0], 1, 1, NoTrigger
13:57:34.813000, [((72.71968792949103+0j), (60.669797929964076+0j)), 0, 0, 0], 1, 1, NoTrigger
13:57:34.840000, [((72.70362685507429+0j), (61.282376892472456+0j)), 0, 0, 0], 1, 1, NoTrigger
13:57:34.863000, [((73.136511520647062+0j), (61.334563876952444+0j)), 0, 0, 0], 1, 1, NoTrigger
13:57:34.895000, [((73.202916664344869+0j), (61.037203643130816+0j)), 0, 0, 0], 1, 1, NoTrigger
13:57:34.933000, [((73.002259826914511+0j), (62.022885084439373+0j)), 0, 0, 0], 1, 1, NoTrigger
13:57:34.972000, [((73.990964204931856+0j), (61.810421821806635+0j)), 0, 0, 0], 1, 1, NoTrigger
13:57:34.988000, [((73.84541109643007+0j), (62.649404257019491+0j)), 0, 0, 0], 1, 1, NoTrigger
13:57:35.019000, [((72.440553407545295+0j), (61.778668708870988+0j)), 0, 0, 0], 1, 1, NoTrigger
13:57:35.051000, [((72.606970612485711+0j), (61.668724661725356+0j)), 0, 0, 0], 1, 1, NoTrigger
13:57:35.102000, [((73.651983407052072+0j), (63.022384216852934+0j)), 0, 0, 0], 1, 1, NoTrigger
13:57:35.140000, [((74.566182420254677+0j), (69.61465136661846+0j)), 0, 0, 0], 1, 1, NoTrigger
13:57:35.169000, [((77.11209966849276+0j), (70.091344579423534+0j)), 0, 0, 0], 1, 1, NoTrigger
13:57:35.238000, Asuming false positive
13:57:35.265000, [((77.070054891634868+0j), (70.066876892015756+0j)), 0, 0, 0], 1, 1, NoTrigger
13:57:35.303000, [((77.352889225838467+0j), (69.99744765907441+0j)), 0, 0, 0], 1, 1, NoTrigger
13:57:35.324000, [((77.733414177072419+0j), (70.737742127367895+0j)), 0, 0, 0], 1, 1, NoTrigger
13:57:35.347000, [((78.113895357503168+0j), (70.634821803465144+0j)), 0, 0, 0], 1, 1, NoTrigger
13:57:35.364000, [((77.432122845627433+0j), (69.944283142826777+0j)), 0, 0, 0], 1, 1, NoTrigger
13:57:35.408000, [((77.179018689010164+0j), (70.17203641199805+0j)), 0, 0, 0], 1, 1, NoTrigger
13:57:35.442000, [((78.269558659170315+0j), (71.518065782044332+0j)), 0, 0, 0], 1, 1, NoTrigger
13:57:35.494000, [((76.971340803682651+0j), (69.303011275261667+0j)), 0, 0, 0], 1, 1, NoTrigger
13:57:35.513000, [((77.74887481581689+0j), (66.655486066499762+0j)), 0, 0, 0], 1, 1, NoTrigger
13:57:35.579000, Asuming false positive
13:57:35.600000, [((77.301308508075479+0j), (62.399736179276488+0j)), 0, 0, 0], 1, 1, NoTrigger
13:57:35.626000, [((76.583599992805503+0j), (57.024309588810382+0j)), 0, 0, 0], 1, 1, NoTrigger
13:57:35.646000, [((76.91905111894836+0j), (54.449658589869045+0j)), 0, 0, 0], 1, 1, NoTrigger
13:57:35.670000, [((75.120507390368914+0j), (50.714258188953764+0j)), 0, 0, 0], 1, 1, NoTrigger
13:57:35.698000, [((74.78080695532303+0j), (49.728482749364538+0j)), 0, 0, 0], 1, 1, NoTrigger
13:57:35.718000, [((71.008034954646632+0j), (49.500373350102485+0j)), 0, 0, 0], 1, 1, NoTrigger
13:57:35.737000, [((69.958216399340373+0j), (49.64893155257829+0j)), 0, 0, 0], 1, 1, NoTrigger
13:57:35.760000, [((70.121892941347411+0j), (49.448186709981115+0j)), 0, 0, 0], 1, 1, NoTrigger
13:57:35.812000, [((71.384472308921659+0j), (50.016923970116949+0j)), 0, 0, 0], 1, 1, NoTrigger
13:57:35.846000, [((71.472108493543971+0j), (49.852696039419314+0j)), 0, 0, 0], 1, 1, NoTrigger
13:57:35.866000, [((70.526200417890678+0j), (49.418021574297271+0j)), 0, 0, 0], 1, 1, NoTrigger
13:57:35.890000, [((71.504915628260932+0j), (49.841597587420679+0j)), 0, 0, 0], 1, 1, NoTrigger
13:57:35.905000, [((70.466167870773617+0j), (49.530849767778697+0j)), 0, 0, 0], 1, 1, NoTrigger
13:57:35.951000, [((70.361846789755944+0j), (49.281786304031684+0j)), 0, 0, 0], 1, 1, NoTrigger
13:57:35.968000, [((70.38757828633392+0j), (49.150624409658349+0j)), 0, 0, 0], 1, 1, NoTrigger
13:57:35.996000, Asuming false positive
13:57:36.019000, [((71.540379931643912+0j), (50.826925148093395+0j)), 0, 0, 0], 1, 1, NoTrigger
13:57:36.037000, [((73.473275338867978+0j), (58.731753924758387+0j)), 0, 0, 0], 1, 1, NoTrigger
13:57:36.081000, Asuming false positive
13:57:36.102000, Asuming false positive
13:57:36.143000, Asuming false positive
13:57:36.178000, Asuming false positive
13:57:36.197000, Asuming false positive
13:57:36.211000, Asuming false positive
13:57:36.228000, Asuming false positive
13:57:36.274000, [((73.615401013245702+0j), (58.002124164304192+0j)), 0, 0, 0], 1, 1, NoTrigger
13:57:36.290000, [((74.034892423786403+0j), (58.14731881806955+0j)), 0, 0, 0], 1, 1, NoTrigger
13:57:36.315000, Asuming false positive
13:57:36.343000, [((74.034892423786403+0j), (58.14731881806955+0j)), 0, 0, 0], 1, 1, NoTrigger
13:57:36.395000, [((74.0353830794554+0j), (58.185850462667446+0j)), 0, 0, 0], 1, 1, NoTrigger
13:57:36.409000, [((84.039542335452381+0j), (68.138346369247373+0j)), 0, 0, 0], 1, 1, NoTrigger
13:57:36.431000, Asuming false positive
13:57:36.451000, [((84.035723971853912+0j), (68.157855089001984+0j)), 0, 0, 0], 1, 1, NoTrigger
13:57:36.473000, [((83.940731538028572+0j), (64.027154575216315+0j)), 0, 0, 0], 1, 1, NoTrigger
13:57:36.489000, [((84.391049195047785+0j), (63.745485983783091+0j)), 0, 0, 0], 1, 1, NoTrigger
13:57:36.511000, [((84.391049195047785+0j), (63.745485983783091+0j)), 0, 0, 0], 1, 1, NoTrigger
13:57:36.544000, Asuming false positive
13:57:36.564000, Asuming false positive
13:57:36.581000, [((84.50460714939527+0j), (63.085308681830199+0j)), 0, 0, 0], 1, 1, NoTrigger
13:57:36.599000, [((82.969472903819636+0j), (62.601994046123046+0j)), 0, 0, 0], 1, 1, NoTrigger
13:57:36.656000, [((82.768826890852552+0j), (62.474496106690957+0j)), 0, 0, 0], 1, 1, NoTrigger
13:57:36.672000, [((87.163882983100564+0j), (72.293025812065125+0j)), 0, 0, 0], 1, 1, NoTrigger
13:57:36.684000, [((86.901355216478478+0j), (72.312763818754263+0j)), 0, 0, 0], 1, 1, NoTrigger
13:57:36.702000, [((87.080355845491752+0j), (71.789674577273573+0j)), 0, 0, 0], 1, 1, NoTrigger
13:57:36.714000, [((87.218094007214816+0j), (71.8211096166728+0j)), 0, 0, 0], 1, 1, NoTrigger
13:57:36.731000, [((86.608503187472721+0j), (71.702285333158827+0j)), 0, 0, 0], 1, 1, NoTrigger
13:57:36.746000, [((86.469878536722362+0j), (71.672320624209732+0j)), 0, 0, 0], 1, 1, NoTrigger
13:57:36.758000, [((86.608503187472721+0j), (71.702285333158827+0j)), 0, 0, 0], 1, 1, NoTrigger
13:57:36.770000, [((86.678616392953074+0j), (71.78925597197015+0j)), 0, 0, 0], 1, 1, NoTrigger
13:57:36.788000, Asuming false positive
13:57:36.817000, [((86.472578515373471+0j), (72.094842623323004+0j)), 0, 0, 0], 1, 1, NoTrigger
13:57:36.863000, [((86.613997496808949+0j), (72.125237046497531+0j)), 0, 0, 0], 1, 1, NoTrigger
13:57:36.879000, [((87.488326924017429+0j), (68.113139712824818+0j)), 0, 0, 0], 1, 1, NoTrigger
13:57:36.905000, Asuming false positive
13:57:36.922000, [((87.271505322471768+0j), (68.362315676655427+0j)), 0, 0, 0], 1, 1, NoTrigger
13:57:36.944000, [((87.700134061257074+0j), (67.812288267989373+0j)), 0, 0, 0], 1, 1, NoTrigger
13:57:36.973000, [((87.904645223895685+0j), (67.662744162157622+0j)), 0, 0, 0], 1, 1, NoTrigger
13:57:36.987000, [((88.143887353193662+0j), (68.509698691080231+0j)), 0, 0, 0], 1, 1, NoTrigger
13:57:37.015000, Asuming false positive
13:57:37.036000, [((88.162222548852895+0j), (68.809236625998324+0j)), 0, 0, 0], 1, 1, NoTrigger
13:57:37.062000, [((88.205959344566963+0j), (68.028772762731975+0j)), 0, 0, 0], 1, 1, NoTrigger
13:57:37.087000, [((88.01868384231912+0j), (67.994465316697799+0j)), 0, 0, 0], 1, 1, NoTrigger
13:57:37.135000, [((88.251417591435782+0j), (66.665715190843059+0j)), 0, 0, 0], 1, 1, NoTrigger
13:57:37.164000, [((80.960680696818599+0j), (74.344808516148731+0j)), 0, 0, 0], 1, 1, NoTrigger
13:57:37.178000, [((82.323725099651824+0j), (72.196306584917792+0j)), 0, 0, 0], 1, 1, NoTrigger
13:57:37.199000, [((81.695852194618809+0j), (70.67085244491075+0j)), 0, 0, 0], 1, 1, NoTrigger
13:57:37.251000, [((81.851000942234535+0j), (70.157276862696207+0j)), 0, 0, 0], 1, 1, NoTrigger
13:57:37.280000, [((82.517293768584068+0j), (70.889220753139782+0j)), 0, 0, 0], 1, 1, NoTrigger
13:57:37.319000, [((82.517838131463137+0j), (71.011845197864545+0j)), 0, 0, 0], 1, 1, NoTrigger
13:57:37.338000, [((82.231884743247321+0j), (70.448777473544851+0j)), 0, 0, 0], 1, 1, NoTrigger
13:57:37.359000, [((80.174904228519594+0j), (70.77129455067174+0j)), 0, 0, 0], 1, 1, NoTrigger
13:57:37.389000, [((79.710034913480442+0j), (69.84439223381851+0j)), 0, 0, 0], 1, 1, NoTrigger
13:57:37.420000, [((80.214095196406689+0j), (69.814538490629417+0j)), 0, 0, 0], 1, 1, NoTrigger
13:57:37.475000, [((79.530053728062157+0j), (71.559954137246166+0j)), 0, 0, 0], 1, 1, NoTrigger
13:57:37.518000, [((78.906336092625281+0j), (63.933046265405785+0j)), 0, 0, 0], 1, 1, NoTrigger
13:57:37.556000, [((78.369867910491905+0j), (64.906530963510463+0j)), 0, 0, 0], 1, 1, NoTrigger
13:57:37.591000, [((78.032564915196687+0j), (65.621924954701157+0j)), 0, 0, 0], 1, 1, NoTrigger
13:57:37.612000, [((77.736711906852989+0j), (65.741367938930779+0j)), 0, 0, 0], 1, 1, NoTrigger
13:57:37.632000, [((78.802712054564026+0j), (64.094243990017461+0j)), 0, 0, 0], 1, 1, NoTrigger
13:57:37.651000, [((78.69620207102183+0j), (63.917154765893514+0j)), 0, 0, 0], 1, 1, NoTrigger
13:57:37.678000, [((78.490522495901544+0j), (64.49899351722172+0j)), 0, 0, 0], 1, 1, NoTrigger
13:57:37.702000, [((78.718761850577138+0j), (63.745336404742616+0j)), 0, 0, 0], 1, 1, NoTrigger
13:57:37.722000, [((78.31020630594243+0j), (63.825432221024244+0j)), 0, 0, 0], 1, 1, NoTrigger
13:57:37.743000, [((78.670171855405201+0j), (64.159462630457682+0j)), 0, 0, 0], 1, 1, NoTrigger
13:57:37.796000, [((78.672974637809332+0j), (64.158814565122455+0j)), 0, 0, 0], 1, 1, NoTrigger
13:57:37.818000, [((80.555268611436716+0j), (64.836244553886573+0j)), 0, 0, 0], 1, 1, NoTrigger
13:57:37.840000, [((80.648383099663974+0j), (64.248607465112798+0j)), 0, 0, 0], 1, 1, NoTrigger
13:57:37.868000, [((80.555268611436716+0j), (64.836244553886573+0j)), 0, 0, 0], 1, 1, NoTrigger
13:57:37.885000, [((80.848048213999562+0j), (64.024035346005391+0j)), 0, 0, 0], 1, 1, NoTrigger
13:57:37.904000, [((80.803960998166858+0j), (64.150529864896114+0j)), 0, 0, 0], 1, 1, NoTrigger
13:57:37.926000, [((80.848048213999562+0j), (64.024035346005391+0j)), 0, 0, 0], 1, 1, NoTrigger
13:57:37.956000, [((81.39585535446075+0j), (63.567565340076676+0j)), 0, 0, 0], 1, 1, NoTrigger
13:57:38.003000, [((80.63146593095513+0j), (64.066687505913919+0j)), 0, 0, 0], 1, 1, NoTrigger
13:57:38.019000, [((80.867454173509003+0j), (63.753192269573489+0j)), 0, 0, 0], 1, 1, NoTrigger
13:57:38.063000, [((80.76020164491851+0j), (63.953080810172807+0j)), 0, 0, 0], 1, 1, NoTrigger
13:57:38.107000, [((80.865521970420303+0j), (63.86077932180028+0j)), 0, 0, 0], 1, 1, NoTrigger
13:57:38.147000, [((82.682813756117923+0j), (67.898667371001338+0j)), 0, 0, 0], 1, 1, NoTrigger
13:57:38.177000, [((82.48959876286392+0j), (67.956556591765548+0j)), 0, 0, 0], 1, 1, NoTrigger
13:57:38.210000, [((83.689605950789058+0j), (68.671094400527451+0j)), 0, 0, 0], 1, 1, NoTrigger
13:57:38.247000, [((83.148022498211347+0j), (67.991258651474581+0j)), 0, 0, 0], 1, 1, NoTrigger
13:57:38.265000, [((83.494630833379119+0j), (68.556496200396779+0j)), 0, 0, 0], 1, 1, NoTrigger
13:57:38.285000, [((82.896628553683698+0j), (68.126478557373844+0j)), 0, 0, 0], 1, 1, NoTrigger
13:57:38.306000, [((82.551909425891452+0j), (68.478290703709888+0j)), 0, 0, 0], 1, 1, NoTrigger
13:57:38.322000, [((82.731671821023099+0j), (68.191415827211202+0j)), 0, 0, 0], 1, 1, NoTrigger
13:57:38.339000, [((82.731671821023099+0j), (68.191415827211202+0j)), 0, 0, 0], 1, 1, NoTrigger
13:57:38.394000, [((82.827162852010176+0j), (67.786990343501756+0j)), 0, 0, 0], 1, 1, NoTrigger
13:57:38.440000, [((83.455344299939441+0j), (67.392116948217407+0j)), 0, 0, 0], 1, 1, NoTrigger
13:57:38.494000, [((83.992596554337936+0j), (63.771959312563666+0j)), 0, 0, 0], 1, 1, NoTrigger
13:57:38.521000, [((83.991391087837911+0j), (64.099210836267531+0j)), 0, 0, 0], 1, 1, NoTrigger
13:57:38.543000, [((83.748908386521578+0j), (64.250795822657679+0j)), 0, 0, 0], 1, 1, NoTrigger
13:57:39.751000, Maximum ransac iterations exceeded
13:57:39.851000, Starburst threshold too low
13:57:39.970000, Starburst threshold too low
13:57:40.011000, [((64.316238038435472+0j), (105.86115831050053+0j)), 0, 0, 0], 1, 1, NoTrigger
13:57:40.040000, [((55.646278505916293+0j), (102.40821396262821+0j)), 0, 0, 0], 1, 1, NoTrigger
13:57:40.163000, [((85.557615333190455+0j), (76.799586197656524+0j)), 0, 0, 0], 1, 1, NoTrigger
13:57:40.183000, [((84.727432115522205+0j), (77.676717457104914+0j)), 0, 0, 0], 1, 1, NoTrigger
13:57:40.235000, [((85.884497133496552+0j), (78.665020716567426+0j)), 0, 0, 0], 1, 1, NoTrigger
13:57:40.868000, Maximum ransac iterations exceeded
13:57:41.577000, Maximum ransac iterations exceeded
13:57:42.232000, Maximum ransac iterations exceeded
13:57:42.866000, Maximum ransac iterations exceeded
13:57:43.534000, Maximum ransac iterations exceeded
13:57:44.168000, Maximum ransac iterations exceeded
13:57:44.862000, Maximum ransac iterations exceeded
13:57:45.492000, Maximum ransac iterations exceeded
13:57:46.173000, Maximum ransac iterations exceeded
13:57:47.081000, Maximum ransac iterations exceeded
13:57:47.144000, [((81.86129551926328+0j), (68.472772613044498+0j)), 0, 0, 0], 1, 1, NoTrigger
13:57:47.162000, [((87.30643502480298+0j), (71.587401364868029+0j)), 0, 0, 0], 1, 1, NoTrigger
13:57:47.184000, [((87.352506962204941+0j), (71.959578214641738+0j)), 0, 0, 0], 1, 1, NoTrigger
13:57:47.227000, Asuming false positive
13:57:47.250000, [((89.21977303887347+0j), (67.800505222172163+0j)), 0, 0, 0], 1, 1, NoTrigger
13:57:47.289000, [((88.941477784325699+0j), (65.742766517175809+0j)), 0, 0, 0], 1, 1, NoTrigger
13:57:47.315000, [((89.615349607756627+0j), (65.372934548910905+0j)), 0, 0, 0], 1, 1, NoTrigger
13:57:47.341000, [((89.210148276517998+0j), (65.04742659409483+0j)), 0, 0, 0], 1, 1, NoTrigger
13:57:47.366000, [((89.014858582804322+0j), (66.449547542044726+0j)), 0, 0, 0], 1, 1, NoTrigger
13:57:47.433000, [((89.905484812354146+0j), (65.915912065793293+0j)), 0, 0, 0], 1, 1, NoTrigger
13:57:47.453000, [((90.011550690776232+0j), (65.700054980270338+0j)), 0, 0, 0], 1, 1, NoTrigger
13:57:47.507000, [((89.905484812354146+0j), (65.915912065793293+0j)), 0, 0, 0], 1, 1, NoTrigger
13:57:47.525000, [((87.73447356499598+0j), (64.756634613912951+0j)), 0, 0, 0], 1, 1, NoTrigger
13:57:47.555000, [((87.795101299789863+0j), (65.417409727852657+0j)), 0, 0, 0], 1, 1, NoTrigger
13:57:47.588000, [((86.150564735751104+0j), (62.919561630342422+0j)), 0, 0, 0], 1, 1, NoTrigger
13:57:47.608000, [((87.998566781775963+0j), (64.326145827732489+0j)), 0, 0, 0], 1, 1, NoTrigger
13:57:47.642000, [((88.039591099056111+0j), (64.910488708502726+0j)), 0, 0, 0], 1, 1, NoTrigger
13:57:47.670000, [((87.634756748514206+0j), (64.515782222359306+0j)), 0, 0, 0], 1, 1, NoTrigger
13:57:47.702000, [((87.73447356499598+0j), (64.756634613912951+0j)), 0, 0, 0], 1, 1, NoTrigger
13:57:47.724000, [((87.426279034807095+0j), (65.321953657174973+0j)), 0, 0, 0], 1, 1, NoTrigger
13:57:47.755000, [((88.321275833464426+0j), (65.348945058859982+0j)), 0, 0, 0], 1, 1, NoTrigger
13:57:47.781000, [((87.322460758705972+0j), (64.059784816221239+0j)), 0, 0, 0], 1, 1, NoTrigger
13:57:47.845000, [((87.72189892720948+0j), (63.669362840905023+0j)), 0, 0, 0], 1, 1, NoTrigger
13:57:47.900000, [((87.333090897005931+0j), (68.59185245361779+0j)), 0, 0, 0], 1, 1, NoTrigger
13:57:47.949000, [((86.493077999172499+0j), (68.607696961158837+0j)), 0, 0, 0], 1, 1, NoTrigger
13:57:48.612000, Maximum ransac iterations exceeded
13:57:48.641000, [((85.552024045221728+0j), (66.261497214738014+0j)), 0, 0, 0], 1, 1, NoTrigger
13:57:48.707000, [((87.341062198078532+0j), (64.697526292427966+0j)), 0, 0, 0], 1, 1, NoTrigger
13:57:48.737000, [((87.165286086521292+0j), (66.536163380319408+0j)), 0, 0, 0], 1, 1, NoTrigger
13:57:48.771000, Asuming false positive
13:57:48.812000, [((87.271675175956389+0j), (64.809147005455316+0j)), 0, 0, 0], 1, 1, NoTrigger
13:57:48.852000, [((87.38681039626141+0j), (64.553678209136635+0j)), 0, 0, 0], 1, 1, NoTrigger
13:57:48.890000, [((87.364731658421263+0j), (64.760568964878516+0j)), 0, 0, 0], 1, 1, NoTrigger
13:57:48.932000, [((87.385314435455939+0j), (64.638392040738907+0j)), 0, 0, 0], 1, 1, NoTrigger
13:57:48.951000, [((89.385314435455911+0j), (73.638392040738935+0j)), 0, 0, 0], 1, 1, NoTrigger
13:57:48.977000, [((90.34900072670969+0j), (72.896865919681474+0j)), 0, 0, 0], 1, 1, NoTrigger
13:57:48.992000, [((91.354944615228476+0j), (71.982411929055928+0j)), 0, 0, 0], 1, 1, NoTrigger
13:57:49.007000, Asuming false positive
13:57:49.027000, [((91.595648187586164+0j), (72.255640861386382+0j)), 0, 0, 0], 1, 1, NoTrigger
13:57:49.047000, [((91.778846451006814+0j), (72.063933444344087+0j)), 0, 0, 0], 1, 1, NoTrigger
13:57:49.065000, [((92.774756657764442+0j), (71.917777856059303+0j)), 0, 0, 0], 1, 1, NoTrigger
13:57:49.080000, [((92.891086281147309+0j), (71.701429224387169+0j)), 0, 0, 0], 1, 1, NoTrigger
13:57:49.099000, [((92.733793038457762+0j), (71.68235444156015+0j)), 0, 0, 0], 1, 1, NoTrigger
13:57:49.142000, [((92.733793038457762+0j), (71.68235444156015+0j)), 0, 0, 0], 1, 1, NoTrigger
13:57:49.196000, [((92.35031087517406+0j), (72.369641720488744+0j)), 0, 0, 0], 1, 1, NoTrigger
13:57:49.217000, [((90.354951133464539+0j), (82.611792999519224+0j)), 0, 0, 0], 1, 1, NoTrigger
13:57:49.242000, [((90.434214859056695+0j), (83.24481292838847+0j)), 0, 0, 0], 1, 1, NoTrigger
13:57:49.281000, [((90.316638558676615+0j), (81.614023921295797+0j)), 0, 0, 0], 1, 1, NoTrigger
13:57:49.397000, [((90.316638558676615+0j), (81.614023921295797+0j)), 0, 0, 0], 1, 1, NoTrigger
13:57:49.414000, Asuming false positive
13:57:49.450000, Asuming false positive
13:57:49.471000, Asuming false positive
13:57:49.532000, Asuming false positive
13:57:49.554000, Asuming false positive
13:57:49.589000, Asuming false positive
13:57:49.634000, Asuming false positive
13:57:49.691000, Asuming false positive
13:57:49.730000, Asuming false positive
13:57:49.766000, [((90.410273185266163+0j), (81.730660989758945+0j)), 0, 0, 0], 1, 1, NoTrigger
13:57:49.793000, [((86.306287586907175+0j), (83.974816009548036+0j)), 0, 0, 0], 1, 1, NoTrigger
13:57:49.901000, Asuming false positive
13:57:49.931000, [((87.514279446671267+0j), (88.083128931261101+0j)), 0, 0, 0], 1, 1, NoTrigger
13:57:49.966000, [((88.623076910710211+0j), (92.356353997705227+0j)), 0, 0, 0], 1, 1, NoTrigger
13:57:49.991000, [((88.623076910710211+0j), (92.356353997705227+0j)), 0, 0, 0], 1, 1, NoTrigger
13:57:50.017000, [((88.505688150599909+0j), (92.187015186715925+0j)), 0, 0, 0], 1, 1, NoTrigger
13:57:50.031000, [((88.259428165625962+0j), (91.651989967631991+0j)), 0, 0, 0], 1, 1, NoTrigger
13:57:50.073000, [((87.776758322495866+0j), (91.402778700502509+0j)), 0, 0, 0], 1, 1, NoTrigger
13:57:50.102000, [((81.738938509856496+0j), (71.27318885455216+0j)), 0, 0, 0], 1, 1, NoTrigger
13:57:50.136000, [((81.981242724616862+0j), (71.868517404049427+0j)), 0, 0, 0], 1, 1, NoTrigger
13:57:50.178000, [((81.414200492635231+0j), (70.805752598982338+0j)), 0, 0, 0], 1, 1, NoTrigger
13:57:50.195000, [((81.514712068635873+0j), (71.529115099860121+0j)), 0, 0, 0], 1, 1, NoTrigger
13:57:50.214000, [((81.650640988954876+0j), (71.307569318435313+0j)), 0, 0, 0], 1, 1, NoTrigger
13:57:50.231000, [((81.609750045711451+0j), (71.327786145303151+0j)), 0, 0, 0], 1, 1, NoTrigger
13:57:50.250000, [((81.609750045711451+0j), (71.327786145303151+0j)), 0, 0, 0], 1, 1, NoTrigger
13:57:50.283000, [((81.609750045711451+0j), (71.327786145303151+0j)), 0, 0, 0], 1, 1, NoTrigger
13:57:50.314000, [((81.847913056750272+0j), (71.908723147959648+0j)), 0, 0, 0], 1, 1, NoTrigger
13:57:50.328000, [((81.197080296224669+0j), (70.641898871630531+0j)), 0, 0, 0], 1, 1, NoTrigger
13:57:50.435000, [((79.200421390707632+0j), (70.91471729585578+0j)), 0, 0, 0], 1, 1, NoTrigger
13:57:50.461000, [((81.114276862986117+0j), (67.52920312334318+0j)), 0, 0, 0], 1, 1, NoTrigger
13:57:50.513000, [((81.748414615154047+0j), (68.064399917858623+0j)), 0, 0, 0], 1, 1, NoTrigger
13:57:50.544000, [((81.021979665802633+0j), (67.546402587094732+0j)), 0, 0, 0], 1, 1, NoTrigger
13:57:50.590000, [((80.967702196240609+0j), (67.388809421205636+0j)), 0, 0, 0], 1, 1, NoTrigger
13:57:50.621000, [((80.70352347213111+0j), (69.011583737367758+0j)), 0, 0, 0], 1, 1, NoTrigger
13:57:50.668000, [((79.951192765018902+0j), (71.181234749692507+0j)), 0, 0, 0], 1, 1, NoTrigger
13:57:50.724000, [((81.062539115927692+0j), (69.143730426554441+0j)), 0, 0, 0], 1, 1, NoTrigger
13:57:50.817000, [((81.154951710184989+0j), (70.815431590842167+0j)), 0, 0, 0], 1, 1, NoTrigger
13:57:50.899000, Asuming false positive
13:57:50.924000, [((80.57938183582101+0j), (68.564336994978873+0j)), 0, 0, 0], 1, 1, NoTrigger
13:57:50.982000, [((81.042807567415323+0j), (67.808353453144463+0j)), 0, 0, 0], 1, 1, NoTrigger
13:57:51.004000, [((82.005127625578922+0j), (66.27469073048087+0j)), 0, 0, 0], 1, 1, NoTrigger
13:57:51.043000, [((82.117685473589944+0j), (67.515294839193842+0j)), 0, 0, 0], 1, 1, NoTrigger
13:57:51.084000, [((82.552364578404678+0j), (70.064785285689723+0j)), 0, 0, 0], 1, 1, NoTrigger
13:57:51.111000, [((82.148546924123735+0j), (70.715248017806999+0j)), 0, 0, 0], 1, 1, NoTrigger
13:57:51.130000, [((81.642067968436493+0j), (70.684235859104078+0j)), 0, 0, 0], 1, 1, NoTrigger
13:57:51.173000, [((82.977094044794868+0j), (70.099289944631749+0j)), 0, 0, 0], 1, 1, NoTrigger
13:57:52.161000, Maximum ransac iterations exceeded
13:57:52.191000, [((82.949560306903891+0j), (70.00748791176737+0j)), 0, 0, 0], 1, 1, NoTrigger
13:57:52.270000, [((83.504622338692087+0j), (70.021560832127435+0j)), 0, 0, 0], 1, 1, NoTrigger
13:57:52.328000, [((82.725229977011097+0j), (67.577091610760391+0j)), 0, 0, 0], 1, 1, NoTrigger
13:57:52.369000, [((81.041990730374451+0j), (68.347859811011546+0j)), 0, 0, 0], 1, 1, NoTrigger
13:57:52.400000, [((83.862008153268263+0j), (68.963932800913454+0j)), 0, 0, 0], 1, 1, NoTrigger
13:57:52.421000, [((84.175814132319331+0j), (69.327285800497208+0j)), 0, 0, 0], 1, 1, NoTrigger
13:57:52.474000, [((84.265053004162496+0j), (69.366942041873145+0j)), 0, 0, 0], 1, 1, NoTrigger
13:57:52.504000, [((83.813513014689761+0j), (70.003938700100917+0j)), 0, 0, 0], 1, 1, NoTrigger
13:57:52.547000, [((83.009451294810347+0j), (71.166525498304168+0j)), 0, 0, 0], 1, 1, NoTrigger
13:57:52.639000, [((82.464705958803719+0j), (72.723230617452828+0j)), 0, 0, 0], 1, 1, NoTrigger
13:57:52.674000, [((79.868305689762906+0j), (69.280251159642688+0j)), 0, 0, 0], 1, 1, NoTrigger
13:57:52.702000, [((81.884006302892431+0j), (71.594815706998432+0j)), 0, 0, 0], 1, 1, NoTrigger
13:57:52.760000, [((83.012798642367883+0j), (71.096775644900333+0j)), 0, 0, 0], 1, 1, NoTrigger
13:57:52.784000, [((82.432497719941338+0j), (69.378053055170696+0j)), 0, 0, 0], 1, 1, NoTrigger
13:57:52.848000, [((83.017384926710875+0j), (72.364773666715038+0j)), 0, 0, 0], 1, 1, NoTrigger
13:57:52.973000, [0, ((71.551452314811584+0j), (63.284898052034116+0j)), 0, 0], 1, 1, NoTrigger
13:57:53.021000, [0, ((71.936593590417601+0j), (62.747680346167527+0j)), 0, 0], 1, 1, NoTrigger
13:57:53.053000, [0, ((70.983430853438037+0j), (62.72296633606134+0j)), 0, 0], 1, 1, NoTrigger
13:57:53.075000, [0, ((71.117866042263188+0j), (62.995864909445707+0j)), 0, 0], 1, 1, NoTrigger
13:57:53.117000, [0, ((71.05416148762815+0j), (63.062202649678348+0j)), 0, 0], 1, 1, NoTrigger
13:57:53.217000, [0, ((72.771232915127868+0j), (59.533659409675174+0j)), 0, 0], 1, 1, NoTrigger
13:57:53.323000, [0, ((68.782511386507451+0j), (61.94290013127145+0j)), 0, 0], 1, 1, NoTrigger
13:57:53.706000, [0, ((63.523233389287562+0j), (62.27939511327358+0j)), 0, 0], 1, 1, NoTrigger
13:57:54.210000, [0, ((76.167869714277799+0j), (61.355485687510878+0j)), 0, 0], 1, 1, NoTrigger
13:57:54.263000, [0, ((73.019637370390697+0j), (58.459289619206821+0j)), 0, 0], 1, 1, NoTrigger
13:57:55.205000, Maximum ransac iterations exceeded
