21:07:04.448000, ((91.827065127474526+0j), (69.32911574916487+0j)), [ 4.82706513], [ 0.32911575], NoTrigger
21:07:04.736000, Asuming false positive
21:07:04.896000, Asuming false positive
21:07:05.102000, Asuming false positive
21:07:06.369000, ((96.516418163362616+0j), (78.14152703490862+0j)), [ 4.51641816], [ 0.14152703], NoTrigger
21:07:07.765000, ((99.958134004818589+0j), (84.564681524937626+0j)), [ 4.958134], [ 0.56468152], NoTrigger
21:07:07.896000, Asuming false positive
21:07:08.150000, Asuming false positive
21:07:09.008000, ((85.246146693795168+0j), (71.94441788297577+0j)), [ 4.24614669], [-1.05558212], NoTrigger
21:07:09.712000, ((86.528201063792039+0j), (73.161563925014846+0j)), [ 4.52820106], [ 0.16156393], NoTrigger
21:07:10.630000, ((87.004933029629726+0j), (73.845575562768332+0j)), [ 2.00493303], [-1.15442444], NoTrigger
21:07:11.521000, ((96.603992358118674+0j), (66.240585013789484+0j)), [ 4.60399236], [-1.75941499], NoTrigger
21:07:12.854000, ((83.947308090762249+0j), (61.827498706249756+0j)), [ 5.94730809], [-2.17250129], NoTrigger
21:07:14.001000, Asuming false positive
21:07:14.183000, Asuming false positive
21:07:14.816000, Asuming false positive
21:07:14.964000, Asuming false positive
21:07:30.010000, ((84.031295835292909+0j), (65.007132408622113+0j)), [ 3.03129584], [-4.99286759], NoTrigger
21:07:31.416000, ((63.796769537982172+0j), (72.923764942191227+0j)), [-0.20323046], [-4.07623506], NoTrigger
21:07:31.579000, Asuming false positive
21:07:32.874000, ((66.317929871823253+0j), (81.447667488444679+0j)), [ 1.31792987], [-4.55233251], NoTrigger
21:07:34.976000, Maximum ransac iterations exceeded
21:07:37.099000, Maximum ransac iterations exceeded
21:07:38.518000, ((81.636069500583318+0j), (65.755940416645075+0j)), [ 3.6360695], [-1.24405958], NoTrigger
21:07:39.664000, ((76.902739636578175+0j), (64.412968794795788+0j)), [ 0.90273964], [-0.58703121], NoTrigger
21:07:40.416000, ((84.596093935373645+0j), (69.69139285414488+0j)), [ 3.59609394], [-0.30860715], NoTrigger
21:07:41.045000, ((83.963827362675417+0j), (70.089966920550083+0j)), [ 1.96382736], [ 2.08996692], NoTrigger
21:07:42.076000, ((72.573088407330573+0j), (80.449148966687815+0j)), [-0.42691159], [ 4.44914897], NoTrigger
21:07:42.209000, Asuming false positive
21:07:42.956000, ((85.924522143580944+0j), (76.405105170837857+0j)), [ 1.92452214], [ 5.40510517], NoTrigger
21:07:43.622000, ((79.908332643707311+0j), (70.39799546092533+0j)), [ 1.90833264], [ 5.39799546], NoTrigger
21:07:44.238000, ((80.000400413790629+0j), (70.675682272389665+0j)), [ 2.00040041], [ 4.67568227], NoTrigger
21:07:44.880000, ((78.417735847414193+0j), (71.095495800738959+0j)), [ 1.41773585], [ 4.0954958], NoTrigger
21:07:45.545000, ((79.033585578427065+0j), (71.124690048637476+0j)), [ 2.03358558], [ 5.12469005], NoTrigger
21:07:46.174000, ((79.033585578427065+0j), (72.124690048637476+0j)), [ 2.03358558], [ 5.12469005], NoTrigger
21:07:46.766000, ((80.948601632107597+0j), (74.424828925908514+0j)), [ 1.94860163], [ 5.42482893], NoTrigger
21:07:47.343000, ((83.519869028727186+0j), (74.23403483357788+0j)), [ 2.51986903], [ 5.23403483], NoTrigger
21:07:47.921000, ((78.749803033189437+0j), (71.344083342841685+0j)), [ 0.74980303], [ 5.34408334], NoTrigger
21:07:48.813000, ((74.717721689003724+0j), (75.39950914089097+0j)), [-0.28227831], [ 5.39950914], NoTrigger
21:07:49.467000, ((73.197038919788369+0j), (73.990381093675325+0j)), [ 0.19703892], [ 3.99038109], NoTrigger
21:07:50.033000, ((80.809110151415751+0j), (70.45075671143637+0j)), [ 1.80911015], [ 5.45075671], NoTrigger
21:07:50.573000, ((85.939523478698405+0j), (64.363191559359421+0j)), [ 1.93952348], [ 5.36319156], NoTrigger
21:07:51.126000, ((88.861610795101498+0j), (71.355986816032342+0j)), [ 1.8616108], [ 5.35598682], NoTrigger
21:07:52.231000, ((83.81387387409778+0j), (83.044994678145599+0j)), [-0.18612613], [ 4.04499468], NoTrigger
21:07:52.974000, ((71.895021009679368+0j), (74.003640057332817+0j)), [-0.10497899], [ 4.00364006], NoTrigger
21:07:53.739000, ((88.113751046195148+0j), (70.865315561058281+0j)), [ 1.11375105], [ 4.86531556], NoTrigger
21:07:54.344000, ((72.610545678369931+0j), (63.092542155415259+0j)), [ 0.61054568], [ 5.09254216], NoTrigger
21:07:54.985000, ((79.498013497206458+0j), (76.136814497356838+0j)), [-0.5019865], [ 4.1368145], NoTrigger
21:07:55.614000, ((77.310614161343707+0j), (81.257425023582101+0j)), [-0.68938584], [ 4.25742502], NoTrigger
21:07:56.241000, ((72.368563852241252+0j), (67.911272719335685+0j)), [ 1.36856385], [ 4.91127272], NoTrigger
21:07:56.882000, ((76.270872979289877+0j), (70.977088583563855+0j)), [ 1.27087298], [ 4.97708858], NoTrigger
21:07:57.510000, ((77.631918441578733+0j), (64.798782485123724+0j)), [ 1.63191844], [ 4.79878249], NoTrigger
21:07:58.164000, ((66.690179815838107+0j), (66.179278554682924+0j)), [-0.30982018], [ 4.17927855], NoTrigger
21:07:58.741000, ((78.243997506678525+0j), (69.948811071291942+0j)), [ 1.24399751], [ 4.94881107], NoTrigger
21:07:59.320000, ((72.708199165494776+0j), (71.181023136379338+0j)), [-0.29180083], [ 4.18102314], NoTrigger
21:07:59.886000, ((77.3430901823358+0j), (77.160268240706102+0j)), [-0.65690982], [ 4.16026824], NoTrigger
21:08:00.515000, ((67.515423049870336+0j), (70.185944220067384+0j)), [-0.48457695], [ 4.18594422], NoTrigger
21:08:01.041000, ((80.510418024847596+0j), (70.954671284700368+0j)), [ 0.51041802], [ 4.95467128], NoTrigger
21:08:01.607000, ((76.435837172956198+0j), (75.009791463268243+0j)), [ 1.43583717], [ 5.00979146], NoTrigger
21:08:02.135000, ((74.435837172956198+0j), (74.009791463268243+0j)), [ 1.43583717], [ 5.00979146], NoTrigger
21:08:02.714000, ((78.644130027414789+0j), (69.824561639159356+0j)), [ 1.64413003], [ 4.82456164], NoTrigger
21:08:03.266000, ((77.426570887497434+0j), (78.204010865123919+0j)), [-0.57342911], [ 4.20401087], NoTrigger
21:08:03.819000, ((76.547407963915134+0j), (66.70434186068772+0j)), [ 1.54740796], [ 4.70434186], NoTrigger
21:08:04.397000, ((77.671138681730952+0j), (71.707003006535047+0j)), [ 1.67113868], [ 4.70700301], NoTrigger
21:08:05.001000, ((80.486642898796703+0j), (71.707613810476644+0j)), [ 1.4866429], [ 4.70761381], NoTrigger
