13:55:33.250000, None, 1, 1, NoTrigger
13:55:33.561000, [((91.314605836356193+0j), (68.858264946810891+0j)), 0, 0, 0], 1, 1, NoTrigger
13:55:33.847000, [((84.911693164581493+0j), (68.354738716552575+0j)), 0, 0, 0], 1, 1, NoTrigger
13:55:33.908000, [((90.891781876175656+0j), (65.313444769745047+0j)), 0, 0, 0], 1, 1, NoTrigger
13:55:34.041000, Asuming false positive
13:55:34.321000, Asuming false positive
13:55:34.466000, Asuming false positive
13:55:34.539000, [((89.640532474595858+0j), (65.258544182689903+0j)), 0, 0, 0], 1, 1, NoTrigger
13:55:34.648000, [((91.379137359469311+0j), (66.08090463482408+0j)), 0, 0, 0], 1, 1, NoTrigger
13:55:34.743000, [((92.096418853727684+0j), (66.997975217844669+0j)), 0, 0, 0], 1, 1, NoTrigger
13:55:34.800000, [((92.375853948583114+0j), (66.934786116132898+0j)), 0, 0, 0], 1, 1, NoTrigger
13:55:34.916000, Asuming false positive
13:55:34.959000, [((91.416085891629322+0j), (66.067390890403544+0j)), 0, 0, 0], 1, 1, NoTrigger
13:55:35.031000, Asuming false positive
13:55:35.107000, Asuming false positive
13:55:35.158000, [((92.311926450701577+0j), (66.52502140730769+0j)), 0, 0, 0], 1, 1, NoTrigger
13:55:35.236000, [((93.528201063792039+0j), (68.161563925014846+0j)), 0, 0, 0], 1, 1, NoTrigger
13:55:35.294000, [((93.528201063792039+0j), (68.161563925014846+0j)), 0, 0, 0], 1, 1, NoTrigger
13:55:35.361000, [((93.601709957012659+0j), (68.193604001568389+0j)), 0, 0, 0], 1, 1, NoTrigger
13:55:35.397000, [((94.008400836176321+0j), (67.714960791635647+0j)), 0, 0, 0], 1, 1, NoTrigger
13:55:35.458000, Asuming false positive
13:55:35.511000, [((94.5061136066671+0j), (63.963773025855993+0j)), 0, 0, 0], 1, 1, NoTrigger
13:55:35.591000, Asuming false positive
13:55:35.671000, Asuming false positive
13:55:35.899000, Asuming false positive
13:55:36.243000, Asuming false positive
13:55:36.495000, [((95.824442510158988+0j), (62.963070556258216+0j)), 0, 0, 0], 1, 1, NoTrigger
13:55:36.847000, Asuming false positive
13:55:37.183000, [((91.714331627186965+0j), (60.64030873241925+0j)), 0, 0, 0], 1, 1, NoTrigger
13:55:37.525000, Asuming false positive
13:55:37.718000, Asuming false positive
13:55:39.545000, Maximum ransac iterations exceeded
13:55:39.769000, [((92.839459302985077+0j), (60.072190412568837+0j)), 0, 0, 0], 1, 1, NoTrigger
13:55:39.841000, [((95.366225529069197+0j), (61.83811319630825+0j)), 0, 0, 0], 1, 1, NoTrigger
13:55:39.893000, [((100.20687126989007+0j), (67.562087947201121+0j)), 0, 0, 0], 1, 1, NoTrigger
13:55:39.921000, [((97.587377832581282+0j), (73.62717698893502+0j)), 0, 0, 0], 1, 1, NoTrigger
13:55:39.971000, [((96.32145248815219+0j), (74.519937731552318+0j)), 0, 0, 0], 1, 1, NoTrigger
13:55:39.997000, [((95.605599086383378+0j), (74.477868038158789+0j)), 0, 0, 0], 1, 1, NoTrigger
13:55:40.028000, [((92.963827362675431+0j), (79.089966920550111+0j)), 0, 0, 0], 1, 1, NoTrigger
13:55:40.074000, [((91.925047758893797+0j), (82.81372603737087+0j)), 0, 0, 0], 1, 1, NoTrigger
13:55:40.123000, [((91.54868850659156+0j), (82.457703826418282+0j)), 0, 0, 0], 1, 1, NoTrigger
13:55:40.199000, [((91.426447697353851+0j), (83.169504189338852+0j)), 0, 0, 0], 1, 1, NoTrigger
13:55:40.247000, [((91.57650593489484+0j), (83.05037614695398+0j)), 0, 0, 0], 1, 1, NoTrigger
13:55:40.293000, [((92.202005437751964+0j), (82.079462529142816+0j)), 0, 0, 0], 1, 1, NoTrigger
13:55:40.370000, [((91.514782539915984+0j), (84.186901815236212+0j)), 0, 0, 0], 1, 1, NoTrigger
13:55:40.425000, [((78.525855295316958+0j), (70.188140323033622+0j)), 0, 0, 0], 1, 1, NoTrigger
13:55:40.458000, [((78.525855295316958+0j), (70.188140323033622+0j)), 0, 0, 0], 1, 1, NoTrigger
13:55:40.524000, [((78.525855295316958+0j), (70.188140323033622+0j)), 0, 0, 0], 1, 1, NoTrigger
13:55:40.579000, [((79.049942821437924+0j), (69.957013363621442+0j)), 0, 0, 0], 1, 1, NoTrigger
13:55:40.670000, [((78.476275440499151+0j), (70.052842423605881+0j)), 0, 0, 0], 1, 1, NoTrigger
13:55:40.711000, [((77.875736506600333+0j), (70.758981980009082+0j)), 0, 0, 0], 1, 1, NoTrigger
13:55:40.832000, [((77.542248675512951+0j), (70.479193018335621+0j)), 0, 0, 0], 1, 1, NoTrigger
13:55:40.895000, [((77.176522838465928+0j), (71.017565817838872+0j)), 0, 0, 0], 1, 1, NoTrigger
13:55:40.930000, [((77.378390451938643+0j), (71.160302151625231+0j)), 0, 0, 0], 1, 1, NoTrigger
13:55:40.961000, [((76.517835760289046+0j), (72.231338366934835+0j)), 0, 0, 0], 1, 1, NoTrigger
13:55:41.069000, [((76.728872249695129+0j), (71.610868418891556+0j)), 0, 0, 0], 1, 1, NoTrigger
13:55:41.104000, [0, ((71.623656801453038+0j), (72.383355119006737+0j)), 0, 0], 1, 1, NoTrigger
13:55:41.214000, [0, ((71.712082394895702+0j), (72.582339306436054+0j)), 0, 0], 1, 1, NoTrigger
13:55:41.243000, [0, ((70.437813938601764+0j), (73.975160549894696+0j)), 0, 0], 1, 1, NoTrigger
13:55:41.312000, [0, ((69.74708209652411+0j), (72.542976959150337+0j)), 0, 0], 1, 1, NoTrigger
13:55:41.384000, [0, ((69.725309630795479+0j), (72.468529974544552+0j)), 0, 0], 1, 1, NoTrigger
13:55:41.420000, [0, ((68.640315450888295+0j), (72.410322861459804+0j)), 0, 0], 1, 1, NoTrigger
13:55:41.456000, [0, ((68.763391206717031+0j), (72.537469119494418+0j)), 0, 0], 1, 1, NoTrigger
13:55:41.502000, [0, ((67.865279145268346+0j), (72.653685910879517+0j)), 0, 0], 1, 1, NoTrigger
13:55:41.554000, [0, ((67.968562485879232+0j), (72.887063226465315+0j)), 0, 0], 1, 1, NoTrigger
13:55:41.598000, [0, ((68.091595486165659+0j), (73.507894417285712+0j)), 0, 0], 1, 1, NoTrigger
13:55:41.669000, [0, ((68.030361792563554+0j), (72.997106948422811+0j)), 0, 0], 1, 1, NoTrigger
13:55:41.721000, [0, ((77.843611512228776+0j), (76.293577059826717+0j)), 0, 0], 1, 1, NoTrigger
13:55:41.798000, [0, ((78.100480831767172+0j), (76.394921804935976+0j)), 0, 0], 1, 1, NoTrigger
13:55:41.851000, [0, ((77.287983775857143+0j), (76.045835223161617+0j)), 0, 0], 1, 1, NoTrigger
13:55:41.897000, [0, ((78.215375473779346+0j), (75.245562785087316+0j)), 0, 0], 1, 1, NoTrigger
13:55:41.935000, [0, ((78.045218478444824+0j), (75.204085432496854+0j)), 0, 0], 1, 1, NoTrigger
13:55:41.977000, [0, ((75.757051739939442+0j), (76.065425280828691+0j)), 0, 0], 1, 1, NoTrigger
13:55:42.019000, [0, ((77.874371486250809+0j), (77.487629247781371+0j)), 0, 0], 1, 1, NoTrigger
13:55:42.125000, [0, ((78.116944956139577+0j), (75.844035492171201+0j)), 0, 0], 1, 1, NoTrigger
13:55:42.158000, [0, ((78.704294529282521+0j), (75.437623209201277+0j)), 0, 0], 1, 1, NoTrigger
13:55:42.188000, [0, ((77.36380792353701+0j), (76.904943701286797+0j)), 0, 0], 1, 1, NoTrigger
13:55:42.266000, [0, ((76.680073983529141+0j), (76.472767202315922+0j)), 0, 0], 1, 1, NoTrigger
13:55:42.318000, [((77.909195652956456+0j), (66.532326767648954+0j)), 0, 0, 0], 1, 1, NoTrigger
13:55:42.369000, [((77.557898572212991+0j), (66.968970398081552+0j)), 0, 0, 0], 1, 1, NoTrigger
13:55:42.410000, [((77.740901352890106+0j), (66.596904268175521+0j)), 0, 0, 0], 1, 1, NoTrigger
13:55:42.447000, [((76.716489573579793+0j), (68.442272187697327+0j)), 0, 0, 0], 1, 1, NoTrigger
13:55:42.471000, [((76.893549632314944+0j), (68.549188288590059+0j)), 0, 0, 0], 1, 1, NoTrigger
13:55:42.503000, [((76.854045982857969+0j), (68.453189124864963+0j)), 0, 0, 0], 1, 1, NoTrigger
13:55:42.535000, [((76.936767835238584+0j), (68.448459925515266+0j)), 0, 0, 0], 1, 1, NoTrigger
13:55:42.567000, [((77.073042429811366+0j), (68.698602990691043+0j)), 0, 0, 0], 1, 1, NoTrigger
13:55:42.593000, [((77.352842712429037+0j), (68.831188915066406+0j)), 0, 0, 0], 1, 1, NoTrigger
13:55:42.622000, [((77.255894991805064+0j), (68.665179979011171+0j)), 0, 0, 0], 1, 1, NoTrigger
13:55:42.719000, [((77.088955397143977+0j), (68.579195132884749+0j)), 0, 0, 0], 1, 1, NoTrigger
13:55:42.838000, [((79.166031993762815+0j), (69.971956372926854+0j)), 0, 0, 0], 1, 1, NoTrigger
13:55:42.939000, [((77.503547742722915+0j), (71.379760199433164+0j)), 0, 0, 0], 1, 1, NoTrigger
13:55:42.981000, [((79.408613027210919+0j), (69.696181146345879+0j)), 0, 0, 0], 1, 1, NoTrigger
13:55:43.030000, [((78.683239831266164+0j), (71.010744644117381+0j)), 0, 0, 0], 1, 1, NoTrigger
13:55:43.114000, [((79.793930265525674+0j), (69.680159576686037+0j)), 0, 0, 0], 1, 1, NoTrigger
13:55:43.175000, [((79.93422548206992+0j), (69.424260069053815+0j)), 0, 0, 0], 1, 1, NoTrigger
13:55:43.252000, [((79.027979996568121+0j), (70.637144208015599+0j)), 0, 0, 0], 1, 1, NoTrigger
13:55:43.394000, [((79.083534417234688+0j), (70.945250808970641+0j)), 0, 0, 0], 1, 1, NoTrigger
13:55:43.502000, [((79.909694716124847+0j), (69.398195960845541+0j)), 0, 0, 0], 1, 1, NoTrigger
13:55:43.548000, [((78.432006923686075+0j), (69.770330542576218+0j)), 0, 0, 0], 1, 1, NoTrigger
13:55:43.626000, [((78.254746543635179+0j), (70.09239961912732+0j)), 0, 0, 0], 1, 1, NoTrigger
13:55:43.680000, [((78.67977896023271+0j), (67.885717046241837+0j)), 0, 0, 0], 1, 1, NoTrigger
13:55:43.726000, [((79.747562716282602+0j), (68.001491160489309+0j)), 0, 0, 0], 1, 1, NoTrigger
13:55:43.832000, [((79.285249866387957+0j), (69.029035660074825+0j)), 0, 0, 0], 1, 1, NoTrigger
13:55:43.938000, [((78.506054746258187+0j), (71.082366677326803+0j)), 0, 0, 0], 1, 1, NoTrigger
13:55:44.053000, [((79.022921820922249+0j), (73.395608131851276+0j)), 0, 0, 0], 1, 1, NoTrigger
13:55:44.104000, [((80.325308260669743+0j), (73.907377834776938+0j)), 0, 0, 0], 1, 1, NoTrigger
13:55:44.375000, [((80.482126254906177+0j), (71.828129739205366+0j)), 0, 0, 0], 1, 1, NoTrigger
13:55:44.535000, [((80.838933079353268+0j), (66.416165602830205+0j)), 0, 0, 0], 1, 1, NoTrigger
13:55:44.746000, [((82.026765522530837+0j), (64.834137885931085+0j)), 0, 0, 0], 1, 1, NoTrigger
13:55:45.350000, [((82.729454124876696+0j), (62.388754055763336+0j)), 0, 0, 0], 1, 1, NoTrigger
13:55:45.492000, [((82.368237918659332+0j), (62.50559642526764+0j)), 0, 0, 0], 1, 1, NoTrigger
13:55:46.049000, [((72.166955739469159+0j), (68.617853000539611+0j)), 0, 0, 0], 1, 1, NoTrigger
13:55:46.166000, [((73.160270762151612+0j), (69.365052675955113+0j)), 0, 0, 0], 1, 1, NoTrigger
13:55:46.325000, [((71.981457205675412+0j), (67.118261850760348+0j)), 0, 0, 0], 1, 1, NoTrigger
13:55:46.388000, [((73.030442911772283+0j), (67.931766261571894+0j)), 0, 0, 0], 1, 1, NoTrigger
13:55:46.605000, [((71.933558673968477+0j), (65.10055085023528+0j)), 0, 0, 0], 1, 1, NoTrigger
13:55:48.356000, [((63.957834578453422+0j), (53.714463162154686+0j)), 0, 0, 0], 1, 1, NoTrigger
13:55:48.405000, [((62.874996223454417+0j), (54.578993618945859+0j)), 0, 0, 0], 1, 1, NoTrigger
13:55:51.822000, Maximum ransac iterations exceeded
13:55:52.168000, [((61.077179622773691+0j), (49.348774816339379+0j)), 0, 0, 0], 1, 1, NoTrigger
13:55:53.571000, [((63.227510294921601+0j), (54.520726416103024+0j)), 0, 0, 0], 1, 1, NoTrigger
13:55:54.578000, Asuming false positive
13:55:56.989000, Maximum ransac iterations exceeded
13:55:59.183000, Asuming false positive
13:55:59.995000, [((65.522180419310118+0j), (55.492546270636787+0j)), 0, 0, 0], 1, 1, NoTrigger
13:56:00.066000, [((62.931245322687936+0j), (54.116251944668548+0j)), 0, 0, 0], 1, 1, NoTrigger
13:56:00.167000, [((79.622644373426141+0j), (62.398514755512743+0j)), 0, 0, 0], 1, 1, NoTrigger
13:56:00.309000, [((80.813917011066891+0j), (65.119993589694047+0j)), 0, 0, 0], 1, 1, NoTrigger
13:56:00.494000, Asuming false positive
13:56:00.609000, [((80.427743021162513+0j), (63.42298888087786+0j)), 0, 0, 0], 1, 1, NoTrigger
13:56:00.893000, Asuming false positive
13:56:01.095000, [((79.650028653248114+0j), (61.968403391537635+0j)), 0, 0, 0], 1, 1, NoTrigger
13:56:01.235000, [((79.672575602191458+0j), (61.868566141705287+0j)), 0, 0, 0], 1, 1, NoTrigger
13:56:01.356000, [0, ((74.704120737271836+0j), (76.995654325818265+0j)), 0, 0], 1, 1, NoTrigger
13:56:01.464000, [0, ((74.385014315311537+0j), (76.979191572535143+0j)), 0, 0], 1, 1, NoTrigger
13:56:01.513000, [0, ((75.553408786119036+0j), (76.144169748313317+0j)), 0, 0], 1, 1, NoTrigger
13:56:01.617000, [0, ((75.553408786119036+0j), (76.144169748313317+0j)), 0, 0], 1, 1, NoTrigger
13:56:01.698000, [0, ((75.46994537895776+0j), (75.551836530542857+0j)), 0, 0], 1, 1, NoTrigger
13:56:01.759000, [0, ((78.801409985808462+0j), (72.74083986715678+0j)), 0, 0], 1, 1, NoTrigger
13:56:01.842000, [0, ((79.073626715711626+0j), (68.458823767079423+0j)), 0, 0], 1, 1, NoTrigger
13:56:01.997000, [0, ((82.348663625088847+0j), (67.647134143117455+0j)), 0, 0], 1, 1, NoTrigger
13:56:02.215000, [0, ((79.30568469634801+0j), (66.703517599576003+0j)), 0, 0], 1, 1, NoTrigger
13:56:02.375000, [0, ((82.535735565559776+0j), (64.72620751884952+0j)), 0, 0], 1, 1, NoTrigger
13:56:02.458000, [0, ((82.520014204971375+0j), (64.756245874812478+0j)), 0, 0], 1, 1, NoTrigger
13:56:02.634000, [((86.514921052372273+0j), (67.936410370377203+0j)), 0, 0, 0], 1, 1, NoTrigger
13:56:02.773000, [((62.844834944772842+0j), (77.002517515101076+0j)), 0, 0, 0], 1, 1, NoTrigger
13:56:06.078000, Maximum ransac iterations exceeded
13:56:09.287000, Maximum ransac iterations exceeded
13:56:12.882000, Maximum ransac iterations exceeded
