14:54:42.797000, None, 1, 1, NoTrigger
14:54:43.729000, [((91.605801238535747+0j), (68.946572479825832+0j)), 0, 0, 0], 1, 1, NoTrigger
14:54:43.830000, Asuming false positive
14:54:44.069000, Asuming false positive
14:54:44.220000, Asuming false positive
14:54:44.478000, Asuming false positive
14:54:44.555000, Asuming false positive
14:54:44.640000, Asuming false positive
14:54:46.045000, [((89.790660702694524+0j), (65.441023184839423+0j)), 0, 0, 0], 1, 1, NoTrigger
14:54:46.750000, [((92.516418163362601+0j), (67.141527034908606+0j)), 0, 0, 0], 1, 1, NoTrigger
14:54:47.405000, [((92.103808073211511+0j), (66.435966940445695+0j)), 0, 0, 0], 1, 1, NoTrigger
14:54:48.059000, [((91.918711517543642+0j), (66.096966653058615+0j)), 0, 0, 0], 1, 1, NoTrigger
14:54:48.279000, Asuming false positive
14:54:49.304000, [((92.34192292884876+0j), (66.495696217096068+0j)), 0, 0, 0], 1, 1, NoTrigger
14:54:49.416000, Asuming false positive
14:54:50.074000, [((92.555603491191192+0j), (66.935568182709545+0j)), 0, 0, 0], 1, 1, NoTrigger
14:54:50.728000, [((93.354950494348302+0j), (67.665168919549146+0j)), 0, 0, 0], 1, 1, NoTrigger
14:54:50.825000, Asuming false positive
14:54:51.369000, [((93.601709957012659+0j), (68.193604001568389+0j)), 0, 0, 0], 1, 1, NoTrigger
14:54:51.445000, Asuming false positive
14:54:51.522000, Asuming false positive
14:54:51.657000, Asuming false positive
14:54:51.868000, Asuming false positive
14:54:52.342000, Asuming false positive
14:54:56.494000, [((94.592025807845332+0j), (63.997735893532479+0j)), 0, 0, 0], 1, 1, NoTrigger
14:54:56.853000, Asuming false positive
14:54:58.543000, [((93.073105283750735+0j), (59.634215979016595+0j)), 0, 0, 0], 1, 1, NoTrigger
14:54:58.625000, Asuming false positive
14:54:58.764000, Asuming false positive
14:55:01.016000, Maximum ransac iterations exceeded
14:55:02.396000, [((92.563724976197804+0j), (60.187462363748651+0j)), 0, 0, 0], 1, 1, NoTrigger
14:55:03.277000, [((94.98263921291111+0j), (60.263578327829855+0j)), 0, 0, 0], 1, 1, NoTrigger
14:55:04.800000, [((92.632100053055922+0j), (67.708281121376231+0j)), 0, 0, 0], 1, 1, NoTrigger
14:55:05.492000, [((91.244524073451615+0j), (68.411356552507257+0j)), 0, 0, 0], 1, 1, NoTrigger
14:55:06.134000, [((90.58129726749037+0j), (68.362646410389829+0j)), 0, 0, 0], 1, 1, NoTrigger
14:55:06.763000, [((87.963954659918286+0j), (73.093887455011014+0j)), 0, 0, 0], 1, 1, NoTrigger
14:55:07.644000, [((86.954862197355197+0j), (76.742461313703728+0j)), 0, 0, 0], 1, 1, NoTrigger
14:55:08.312000, [((87.141350151664625+0j), (79.919966622304699+0j)), 0, 0, 0], 1, 1, NoTrigger
14:55:08.966000, [((87.004276639313119+0j), (78.372038588567094+0j)), 0, 0, 0], 1, 1, NoTrigger
14:55:09.559000, [((86.988486958023913+0j), (78.365791090513568+0j)), 0, 0, 0], 1, 1, NoTrigger
14:55:10.163000, [((86.810803717124912+0j), (77.544764531083075+0j)), 0, 0, 0], 1, 1, NoTrigger
14:55:10.792000, [((86.945342418978271+0j), (79.167956450069582+0j)), 0, 0, 0], 1, 1, NoTrigger
14:55:11.610000, [((78.561244672653899+0j), (70.66319411193345+0j)), 0, 0, 0], 1, 1, NoTrigger
14:55:12.226000, [((79.033585578427065+0j), (71.124690048637476+0j)), 0, 0, 0], 1, 1, NoTrigger
14:55:12.869000, [((79.00577828301131+0j), (71.394203935277531+0j)), 0, 0, 0], 1, 1, NoTrigger
14:55:14.468000, [((78.946792981174724+0j), (71.40588507384372+0j)), 0, 0, 0], 1, 1, NoTrigger
14:55:15.084000, [((78.775683326033558+0j), (71.28054746004976+0j)), 0, 0, 0], 1, 1, NoTrigger
14:55:15.739000, [((77.823222263577421+0j), (70.995670136383595+0j)), 0, 0, 0], 1, 1, NoTrigger
14:55:16.331000, [((78.273846693279935+0j), (71.123482424699276+0j)), 0, 0, 0], 1, 1, NoTrigger
14:55:16.934000, [((77.923998168224117+0j), (72.423233317858049+0j)), 0, 0, 0], 1, 1, NoTrigger
14:55:17.753000, [((77.825522309676373+0j), (72.354987148894267+0j)), 0, 0, 0], 1, 1, NoTrigger
14:55:18.357000, [((76.937753092716704+0j), (73.32373139697745+0j)), 0, 0, 0], 1, 1, NoTrigger
14:55:18.924000, [((76.776394487776699+0j), (73.052248441007833+0j)), 0, 0, 0], 1, 1, NoTrigger
14:55:19.452000, [((86.529143156642263+0j), (68.906917340045567+0j)), 0, 0, 0], 1, 1, NoTrigger
14:55:20.031000, [((86.113751046195148+0j), (68.865315561058281+0j)), 0, 0, 0], 1, 1, NoTrigger
14:55:20.598000, [((84.677423856467371+0j), (69.059829874602599+0j)), 0, 0, 0], 1, 1, NoTrigger
14:55:21.214000, [((84.951734360025+0j), (68.954514390981927+0j)), 0, 0, 0], 1, 1, NoTrigger
14:55:21.832000, [((84.296984465162978+0j), (69.047024226432725+0j)), 0, 0, 0], 1, 1, NoTrigger
14:55:22.397000, [((84.785372870927048+0j), (69.258708736409829+0j)), 0, 0, 0], 1, 1, NoTrigger
14:55:22.876000, [((83.500041686137308+0j), (69.978368571770417+0j)), 0, 0, 0], 1, 1, NoTrigger
14:55:23.390000, [((82.631918441578733+0j), (69.798782485123724+0j)), 0, 0, 0], 1, 1, NoTrigger
14:55:25.054000, [((82.510391305601303+0j), (69.918945471126236+0j)), 0, 0, 0], 1, 1, NoTrigger
14:55:25.645000, [((82.408881968349633+0j), (69.973615082731811+0j)), 0, 0, 0], 1, 1, NoTrigger
14:55:26.175000, [((82.408881968349633+0j), (69.973615082731811+0j)), 0, 0, 0], 1, 1, NoTrigger
14:55:26.867000, [0, ((77.3430901823358+0j), (77.160268240706102+0j)), 0, 0], 1, 1, NoTrigger
14:55:27.533000, [0, ((77.466570574260416+0j), (77.250975200850235+0j)), 0, 0], 1, 1, NoTrigger
14:55:28.063000, [0, ((77.210098823911281+0j), (77.247873610777617+0j)), 0, 0], 1, 1, NoTrigger
14:55:28.617000, [0, ((78.011949754933369+0j), (76.981966269837756+0j)), 0, 0], 1, 1, NoTrigger
14:55:29.159000, [0, ((77.995765781829334+0j), (76.994030135099507+0j)), 0, 0], 1, 1, NoTrigger
14:55:29.700000, [0, ((78.013935015532525+0j), (77.386466589499292+0j)), 0, 0], 1, 1, NoTrigger
14:55:30.582000, [0, ((78.013935015532525+0j), (77.386466589499292+0j)), 0, 0], 1, 1, NoTrigger
14:55:31.097000, [0, ((78.702559565624213+0j), (77.175205446096271+0j)), 0, 0], 1, 1, NoTrigger
14:55:31.576000, [0, ((78.715804603259443+0j), (77.215679367618819+0j)), 0, 0], 1, 1, NoTrigger
14:55:33.186000, [0, ((78.101154319894945+0j), (78.043185811866195+0j)), 0, 0], 1, 1, NoTrigger
14:55:34.282000, [0, ((77.844588987688525+0j), (77.486628343419198+0j)), 0, 0], 1, 1, NoTrigger
14:55:34.923000, [((77.592185218844577+0j), (68.070065230737512+0j)), 0, 0, 0], 1, 1, NoTrigger
14:55:35.503000, [((77.671084374361314+0j), (68.13394850941107+0j)), 0, 0, 0], 1, 1, NoTrigger
14:55:36.573000, [((77.114953295875765+0j), (68.011922275101725+0j)), 0, 0, 0], 1, 1, NoTrigger
14:55:37.127000, [((76.910631822501088+0j), (69.641302999976318+0j)), 0, 0, 0], 1, 1, NoTrigger
14:55:37.719000, [((77.248449468178251+0j), (69.416273908039372+0j)), 0, 0, 0], 1, 1, NoTrigger
14:55:38.323000, [((77.258980962960209+0j), (69.42965910031414+0j)), 0, 0, 0], 1, 1, NoTrigger
