18:34:01.194000, ((91.582290052887288+0j), (69.432535510820443+0j)), [ 4.58229005], [ 0.43253551], NoTrigger
18:34:03.384000, ((90.760693697711787+0j), (52.583577722176571+0j)), [ 3.7606937], [ 0.58357772], NoTrigger
18:34:05.748000, ((88.3557163742976+0j), (69.403183522762575+0j)), [ 3.35571637], [ 0.40318352], NoTrigger
18:34:07.810000, ((86.80173368802663+0j), (73.277310602420158+0j)), [ 4.80173369], [ 0.2773106], NoTrigger
18:34:09.792000, ((95.951687792955013+0j), (77.957174631182838+0j)), [ 3.95168779], [-0.04282537], NoTrigger
18:34:11.805000, ((96.32637571600776+0j), (84.474311484453025+0j)), [ 1.32637572], [ 0.47431148], NoTrigger
18:34:15.265000, ((87.400937498456173+0j), (76.522490193131603+0j)), [ 3.4009375], [-0.47750981], NoTrigger
18:34:15.328000, Error with corneal reflections
18:34:15.357000, Error with corneal reflections
18:34:15.386000, Error with corneal reflections
18:34:27.472000, ((83.540099067124373+0j), (79.234301250645942+0j)), [-1.45990093], [ 4.23430125], NoTrigger
18:34:30.069000, ((96.628286351537213+0j), (66.057269138133407+0j)), [ 4.62828635], [-1.94273086], NoTrigger
18:34:30.126000, Error with corneal reflections
18:34:30.153000, Error with corneal reflections
18:34:30.180000, Error with corneal reflections
18:34:32.594000, ((99.295314416710823+0j), (70.302825444566665+0j)), [ 2.29531442], [-5.69717456], NoTrigger
18:34:34.903000, ((90.098189685613747+0j), (65.077429330398516+0j)), [ 4.09818969], [-3.92257067], NoTrigger
18:34:36.987000, ((85.190917756863556+0j), (66.255664404518967+0j)), [ 4.19091776], [-3.7443356], NoTrigger
18:34:37.028000, Error with corneal reflections
18:34:37.062000, Error with corneal reflections
18:34:37.094000, Error with corneal reflections
18:34:37.124000, Error with corneal reflections
18:34:37.153000, Error with corneal reflections
18:34:38.937000, ((81.606770015898249+0j), (65.655258991233069+0j)), [ 3.60677002], [-1.34474101], NoTrigger
18:34:40.535000, ((79.06442467035599+0j), (65.566342302494235+0j)), [ 3.06442467], [ 0.5663423], NoTrigger
18:34:42.165000, ((85.267953519797558+0j), (69.890241912950785+0j)), [ 4.26795352], [-0.10975809], NoTrigger
18:34:43.796000, ((84.410150305498149+0j), (70.181096665469354+0j)), [ 2.41015031], [ 2.18109667], NoTrigger
18:34:47.477000, ((72.461299669289431+0j), (79.04373876424161+0j)), [-0.53870033], [ 3.04373876], NoTrigger
18:34:53.598000, ((67.761102636508468+0j), (66.719606699669541+0j)), [-0.23889736], [ 4.7196067], NoTrigger
18:34:58.847000, ((85.99747104425839+0j), (76.520615280981659+0j)), [ 1.99747104], [ 5.52061528], NoTrigger
18:35:00.916000, ((80.141722824455954+0j), (70.57519689784516+0j)), [ 2.14172282], [ 5.5751969], NoTrigger
18:35:06.842000, Maximum ransac iterations exceeded
18:35:09.456000, ((78.966220027879729+0j), (72.505213922580793+0j)), [ 1.96622003], [ 5.50521392], NoTrigger
18:35:11.397000, ((78.883776532779294+0j), (70.764479918575333+0j)), [ 1.88377653], [ 4.76447992], NoTrigger
18:35:13.404000, ((78.78262407162822+0j), (72.405625317716158+0j)), [ 1.78262407], [ 5.40562532], NoTrigger
18:35:15.394000, ((80.787614974733586+0j), (74.318267142019963+0j)), [ 1.78761497], [ 5.31826714], NoTrigger
18:35:17.703000, ((82.903116462675328+0j), (74.454164884806175+0j)), [ 1.90311646], [ 5.45416488], NoTrigger
18:35:19.740000, ((80.550685209854961+0j), (71.331598213664748+0j)), [ 2.55068521], [ 5.33159821], NoTrigger
18:35:21.729000, ((74.60983282961142+0j), (75.372510629732204+0j)), [-0.39016717], [ 5.37251063], NoTrigger
18:35:24.230000, ((72.911625042181498+0j), (74.076050286403415+0j)), [-0.08837496], [ 4.07605029], NoTrigger
18:35:26.754000, ((80.635136769571844+0j), (70.578956848579182+0j)), [ 1.63513677], [ 5.57895685], NoTrigger
18:35:28.895000, ((86.129283051812081+0j), (64.345352391431121+0j)), [ 2.12928305], [ 5.34535239], NoTrigger
18:35:31.013000, ((89.059069963464992+0j), (71.460723746074166+0j)), [ 2.05906996], [ 5.46072375], NoTrigger
18:35:33.761000, ((83.062063644676698+0j), (83.635090797852413+0j)), [-0.93793636], [ 4.6350908], NoTrigger
18:35:36.757000, ((68.948178342492+0j), (69.51481207301255+0j)), [-3.05182166], [-0.48518793], NoTrigger
18:35:38.882000, ((88.005286227511135+0j), (70.85664435588177+0j)), [ 1.00528623], [ 4.85664436], NoTrigger
18:35:40.729000, ((72.600720016211497+0j), (63.07721843916768+0j)), [ 0.60072002], [ 5.07721844], NoTrigger
18:35:42.901000, ((75.500471818547581+0j), (80.131609827246493+0j)), [-4.49952818], [ 8.13160983], NoTrigger
18:35:44.707000, ((73.635791457312536+0j), (82.963424815734996+0j)), [-4.36420854], [ 5.96342482], NoTrigger
18:35:46.273000, ((72.194662134632978+0j), (67.941730592951046+0j)), [ 1.19466213], [ 4.94173059], NoTrigger
18:35:48.214000, ((76.41837991192314+0j), (71.065601845839609+0j)), [ 1.41837991], [ 5.06560185], NoTrigger
18:35:49.811000, ((77.654116903023734+0j), (64.671382851531703+0j)), [ 1.6541169], [ 4.67138285], NoTrigger
18:35:51.565000, Maximum ransac iterations exceeded
18:35:53.504000, ((75.402433738316859+0j), (70.88465998969221+0j)), [-1.59756626], [ 7.88465999], NoTrigger
18:35:55.301000, ((78.704944552278604+0j), (69.7049213251655+0j)), [ 1.70494455], [ 4.70492133], NoTrigger
