23:06:50.549000, ((91.607437800102375+0j), (68.970278984502571+0j)), [ 4.6074378], [-0.02972102], NoTrigger
23:07:14.087000, ((85.603966515245375+0j), (66.75229716113428+0j)), [ 0.60396652], [-1.24770284], NoTrigger
23:07:19.068000, Asuming false positive
23:07:19.467000, Asuming false positive
23:07:19.638000, Asuming false positive
23:07:19.845000, Asuming false positive
23:07:19.915000, Asuming false positive
23:07:20.080000, Asuming false positive
23:07:21.565000, ((92.262287727080334+0j), (66.965264169685071+0j)), [ 4.26228773], [-0.03473583], NoTrigger
23:07:22.470000, ((91.910788527411214+0j), (66.071823549857498+0j)), [ 3.91078853], [-0.92817645], NoTrigger
23:07:23.150000, ((92.337042213022357+0j), (66.467806581617538+0j)), [ 4.33704221], [-0.53219342], NoTrigger
23:07:23.246000, Asuming false positive
23:07:23.829000, ((92.34192292884876+0j), (66.495696217096068+0j)), [ 4.34192293], [-0.50430378], NoTrigger
23:07:23.918000, Asuming false positive
23:07:24.483000, ((93.481931948076777+0j), (68.128106802183439+0j)), [ 4.48193195], [ 0.1281068], NoTrigger
23:07:25.174000, ((93.528201063792039+0j), (68.161563925014846+0j)), [ 4.52820106], [ 0.16156393], NoTrigger
23:07:25.903000, ((93.528201063792039+0j), (68.161563925014846+0j)), [ 4.52820106], [ 0.16156393], NoTrigger
23:07:25.973000, Asuming false positive
23:07:26.833000, ((93.634692933951342+0j), (67.091083901301786+0j)), [ 4.63469293], [ 0.0910839], NoTrigger
23:07:27.613000, ((94.598889638981319+0j), (64.038216305531122+0j)), [ 4.59888964], [-1.96178369], NoTrigger
23:07:27.747000, Asuming false positive
23:07:31.587000, ((95.947308090762235+0j), (62.827498706249777+0j)), [ 5.94730809], [-2.17250129], NoTrigger
23:07:32.238000, Asuming false positive
23:07:32.426000, Asuming false positive
23:07:33.322000, Asuming false positive
23:07:33.976000, Asuming false positive
23:07:34.594000, Asuming false positive
23:07:36.201000, ((92.774996030300585+0j), (60.316232470573439+0j)), [ 2.77499603], [-4.68376753], NoTrigger
23:07:37.520000, ((93.186050315024644+0j), (60.72204861571548+0j)), [ 3.18605032], [-4.27795138], NoTrigger
23:07:37.694000, Asuming false positive
23:07:37.854000, Asuming false positive
23:07:39.983000, Maximum ransac iterations exceeded
23:07:45.292000, ((95.933145634630577+0j), (60.67343272657503+0j)), [ 4.93314563], [-5.32656727], NoTrigger
23:07:45.565000, Asuming false positive
23:07:46.146000, ((92.65120827212688+0j), (67.903847100082487+0j)), [ 3.65120827], [-1.0961529], NoTrigger
23:07:46.838000, ((91.267311476861934+0j), (68.502048916815909+0j)), [ 3.26731148], [ 0.50204892], NoTrigger
23:07:47.480000, ((90.582699716785228+0j), (68.401957910293305+0j)), [ 3.58269972], [-0.59804209], NoTrigger
23:07:48.083000, ((87.963827362675403+0j), (73.089966920550097+0j)), [ 1.96382736], [ 2.08996692], NoTrigger
23:07:48.710000, ((87.384452026863599+0j), (77.237600182066515+0j)), [ 2.38445203], [ 4.23760018], NoTrigger
23:07:49.328000, ((88.89680938288177+0j), (79.411726587303662+0j)), [ 2.89680938], [ 6.41172659], NoTrigger
23:07:49.994000, ((86.92452214358093+0j), (78.405105170837857+0j)), [ 1.92452214], [ 5.40510517], NoTrigger
23:07:50.749000, ((86.908332643707311+0j), (78.39799546092533+0j)), [ 1.90833264], [ 5.39799546], NoTrigger
23:07:51.428000, ((86.926692729919822+0j), (77.897830627965632+0j)), [ 1.92669273], [ 4.89783063], NoTrigger
23:07:52.045000, ((86.945342418978271+0j), (79.167956450069582+0j)), [ 1.94534242], [ 5.16795645], NoTrigger
23:07:52.685000, ((78.99859859190957+0j), (70.982083643120916+0j)), [ 1.99859859], [ 4.98208364], NoTrigger
23:07:53.313000, ((79.006134776052861+0j), (71.452689989992678+0j)), [ 2.00613478], [ 5.45268999], NoTrigger
23:07:53.905000, ((79.00577828301131+0j), (71.394203935277531+0j)), [ 2.00577828], [ 5.39420394], NoTrigger
23:07:54.521000, ((79.054064831054717+0j), (71.423490632535518+0j)), [ 2.05406483], [ 5.42349063], NoTrigger
23:07:55.150000, ((78.662407673251877+0j), (71.303886284670625+0j)), [ 1.66240767], [ 5.30388628], NoTrigger
23:07:55.767000, ((75.717721689003739+0j), (72.39950914089097+0j)), [-0.28227831], [ 5.39950914], NoTrigger
23:07:55.944000, Asuming false positive
23:07:56.559000, ((77.145810826809168+0j), (71.852536293248406+0j)), [ 1.14581083], [ 4.85253629], NoTrigger
23:07:57.138000, ((77.825522309676373+0j), (72.354987148894267+0j)), [ 1.82552231], [ 5.35498715], NoTrigger
23:07:57.765000, ((76.861610795101498+0j), (73.355986816032328+0j)), [ 1.8616108], [ 5.35598682], NoTrigger
23:07:58.282000, ((76.530792976312327+0j), (73.033525037266983+0j)), [ 0.53079298], [ 5.03352504], NoTrigger
23:07:58.859000, ((71.895021009679368+0j), (74.003640057332817+0j)), [-0.10497899], [ 4.00364006], NoTrigger
23:07:59.324000, ((71.579452324567853+0j), (74.200743444469708+0j)), [-0.42054768], [ 4.20074344], NoTrigger
23:07:59.953000, ((69.847397003294063+0j), (74.181616791120945+0j)), [-0.152603], [ 4.18161679], NoTrigger
23:08:00.720000, ((69.498013497206486+0j), (74.136814497356809+0j)), [-0.5019865], [ 4.1368145], NoTrigger
23:08:45.940000, ((69.522075382594821+0j), (74.139773664791619+0j)), [-0.47792462], [ 4.13977366], NoTrigger
23:08:46.681000, ((68.559428569508867+0j), (74.178425047073588+0j)), [-0.44057143], [ 4.17842505], NoTrigger
23:08:47.284000, ((68.611105729131154+0j), (74.191030569260079+0j)), [-0.38889427], [ 4.19103057], NoTrigger
23:08:47.914000, ((67.640536909940323+0j), (74.227141972294163+0j)), [-0.35946309], [ 4.22714197], NoTrigger
23:08:48.780000, ((67.690179815838107+0j), (74.179278554682938+0j)), [-0.30982018], [ 4.17927855], NoTrigger
23:08:49.396000, ((67.70819916549479+0j), (74.181023136379324+0j)), [-0.29180083], [ 4.18102314], NoTrigger
23:08:50.038000, ((67.70819916549479+0j), (74.181023136379324+0j)), [-0.29180083], [ 4.18102314], NoTrigger
23:08:51.672000, ((77.3430901823358+0j), (77.160268240706102+0j)), [-0.65690982], [ 4.16026824], NoTrigger
23:08:52.288000, ((77.466570574260416+0j), (77.250975200850235+0j)), [-0.53342943], [ 4.2509752], NoTrigger
23:08:52.854000, ((77.210098823911281+0j), (77.247873610777617+0j)), [-0.78990118], [ 4.24787361], NoTrigger
23:08:53.419000, ((78.011949754933369+0j), (76.981966269837756+0j)), [ 0.01194975], [ 3.98196627], NoTrigger
23:08:54.022000, ((77.995765781829334+0j), (76.994030135099507+0j)), [-0.00423422], [ 3.99403014], NoTrigger
23:08:54.601000, ((78.013935015532525+0j), (77.386466589499292+0j)), [-0.98606498], [ 4.38646659], NoTrigger
23:08:55.129000, ((78.426570887497434+0j), (77.204010865123934+0j)), [-0.57342911], [ 4.20401087], NoTrigger
23:08:55.720000, ((77.797533038047419+0j), (77.517020344977325+0j)), [-1.20246696], [ 4.51702034], NoTrigger
23:08:56.336000, ((77.830970899651149+0j), (77.556487021269035+0j)), [-1.1690291], [ 4.55648702], NoTrigger
23:08:56.889000, ((78.014963574456416+0j), (78.083010969314586+0j)), [ 0.01496357], [ 4.08301097], NoTrigger
23:08:57.507000, ((78.639500243178716+0j), (77.210389297780836+0j)), [-0.36049976], [ 4.2103893], NoTrigger
23:08:59.013000, ((77.592579826996044+0j), (68.085385109309684+0j)), [ 1.59257983], [ 4.08538511], NoTrigger
23:09:00.171000, ((77.592579826996044+0j), (68.085385109309684+0j)), [ 1.59257983], [ 4.08538511], NoTrigger
23:09:00.962000, ((77.596324612029605+0j), (68.298759256247578+0j)), [ 1.59632461], [ 4.29875926], NoTrigger
23:09:01.527000, ((76.910631822501088+0j), (69.641302999976318+0j)), [ 1.91063182], [ 4.641303], NoTrigger
23:09:02.057000, ((77.028505476173635+0j), (69.293334200168488+0j)), [ 1.02850548], [ 4.2933342], NoTrigger
23:09:02.118000, Asuming false positive
23:09:02.570000, ((77.14853897702956+0j), (69.927805464370195+0j)), [ 1.14853898], [ 4.92780546], NoTrigger
23:09:03.060000, ((77.158415377456748+0j), (69.943456596077297+0j)), [ 1.15841538], [ 4.9434566], NoTrigger
23:09:03.563000, ((77.143263020615407+0j), (70.028057905368343+0j)), [ 1.14326302], [ 5.02805791], NoTrigger
23:09:04.041000, ((77.420778131770746+0j), (70.079644635190732+0j)), [ 1.42077813], [ 5.07964464], NoTrigger
23:09:04.543000, ((77.016127353173687+0j), (69.789405922560093+0j)), [ 1.01612735], [ 4.78940592], NoTrigger
23:09:05.184000, ((79.267942551861083+0j), (71.105971750268978+0j)), [ 0.26794255], [ 5.10597175], NoTrigger
23:09:05.926000, ((78.944737637635598+0j), (72.397055962795491+0j)), [ 0.94473764], [ 6.39705596], NoTrigger
23:09:06.554000, ((78.851887974155574+0j), (71.256007110176441+0j)), [-0.14811203], [ 5.25600711], NoTrigger
23:09:07.025000, ((79.223520001202289+0j), (71.989312388968926+0j)), [ 1.22352], [ 5.98931239], NoTrigger
23:09:07.473000, ((79.180381463441364+0j), (71.13900598759848+0j)), [ 0.18038146], [ 5.13900599], NoTrigger
23:09:07.911000, ((79.186446627020132+0j), (71.585971940210257+0j)), [ 0.18644663], [ 5.58597194], NoTrigger
23:09:08.614000, ((78.468396561242727+0j), (71.82373859799722+0j)), [-0.53160344], [ 5.8237386], NoTrigger
23:09:09.180000, ((78.454830714086569+0j), (72.015935045971929+0j)), [-0.54516929], [ 6.01593505], NoTrigger
23:09:09.759000, ((79.129786601947856+0j), (71.744938529594549+0j)), [ 0.1297866], [ 5.74493853], NoTrigger
23:09:10.387000, ((78.454830714086569+0j), (72.015935045971929+0j)), [-0.54516929], [ 6.01593505], NoTrigger
23:09:10.991000, ((79.195507755825005+0j), (71.542410565005852+0j)), [ 1.19550776], [ 5.54241057], NoTrigger
23:09:11.593000, ((79.176224581586609+0j), (69.124415460114349+0j)), [ 1.17622458], [ 6.12441546], NoTrigger
23:09:12.286000, ((79.163657150684202+0j), (69.174154868649225+0j)), [ 1.16365715], [ 6.17415487], NoTrigger
23:09:12.901000, ((79.21601312809193+0j), (69.94487348910539+0j)), [ 1.21601313], [ 5.94487349], NoTrigger
23:09:13.492000, ((78.430106046732021+0j), (71.72619944774452+0j)), [ 0.43010605], [ 6.72619945], NoTrigger
23:09:14.070000, ((79.004048387905456+0j), (73.683892864669474+0j)), [ 1.00404839], [ 8.68389286], NoTrigger
23:09:14.672000, ((80.772628233777681+0j), (73.435139144925429+0j)), [ 2.77262823], [ 8.43513914], NoTrigger
23:09:15.301000, ((81.122802530013317+0j), (74.027717377886603+0j)), [ 2.12280253], [ 10.02771738], NoTrigger
23:09:15.879000, ((81.241261816095815+0j), (73.250111247140708+0j)), [ 2.24126182], [ 9.25011125], NoTrigger
23:09:17.726000, ((81.856862868918157+0j), (66.658820972875375+0j)), [ 2.85686287], [ 3.65882097], NoTrigger
23:09:18.639000, Asuming false positive
23:09:20.567000, ((81.560455471513862+0j), (71.644523709455044+0j)), [ 1.56045547], [ 8.64452371], NoTrigger
23:09:21.258000, ((73.213470257339651+0j), (69.781444827362549+0j)), [ 1.21347026], [ 8.78144483], NoTrigger
23:09:21.886000, ((72.200732204588959+0j), (69.186668965663628+0j)), [ 0.2007322], [ 8.18666897], NoTrigger
23:09:22.502000, ((72.762638627125739+0j), (69.690175185759273+0j)), [ 0.76263863], [ 8.69017519], NoTrigger
23:09:23.143000, ((72.626926725763227+0j), (69.854022179633205+0j)), [ 1.62692673], [ 7.85402218], NoTrigger
23:09:23.757000, Asuming false positive
23:09:30.297000, ((64.052952337023797+0j), (52.984305400620009+0j)), [ 0.05295234], [-0.0156946], NoTrigger
23:09:36.847000, ((65.016285842828268+0j), (56.03826007507417+0j)), [-4.98371416], [-2.96173992], NoTrigger
23:09:39.211000, ((60.967855865541075+0j), (49.570230427460118+0j)), [-2.03214413], [-3.42976957], NoTrigger
23:09:43.411000, ((66.39784457891777+0j), (57.078862903779687+0j)), [ 2.39784458], [ 6.0788629], NoTrigger
23:09:49.596000, ((66.324302854470986+0j), (58.504597782224664+0j)), [-1.67569715], [ 0.50459778], NoTrigger
23:09:52.094000, Maximum ransac iterations exceeded
23:09:52.601000, Asuming false positive
23:09:55.052000, Maximum ransac iterations exceeded
23:09:57.491000, Maximum ransac iterations exceeded
23:09:59.914000, Maximum ransac iterations exceeded
23:10:02.759000, ((80.322042556004092+0j), (65.180793822837657+0j)), [ 5.32204256], [ 5.18079382], NoTrigger
23:10:03.363000, ((79.869600692511796+0j), (64.993188533371551+0j)), [ 4.86960069], [ 4.99318853], NoTrigger
23:10:03.966000, ((80.092343069049292+0j), (65.23658623140669+0j)), [ 5.09234307], [ 6.23658623], NoTrigger
23:10:04.569000, ((80.520650725280291+0j), (63.641971327629996+0j)), [ 5.52065073], [ 4.64197133], NoTrigger
23:10:05.161000, ((81.711383566458437+0j), (64.881506534610224+0j)), [ 6.71138357], [ 5.88150653], NoTrigger
23:10:05.801000, ((80.051750937900621+0j), (61.81087809878327+0j)), [ 5.05175094], [ 2.8108781], NoTrigger
23:10:06.431000, ((81.056501554257849+0j), (64.759195874363314+0j)), [ 6.05650155], [ 5.75919587], NoTrigger
23:10:07.322000, ((75.165980973249148+0j), (76.97681953050899+0j)), [ 5.16598097], [ 2.97681953], NoTrigger
23:10:15.984000, ((75.259395528295613+0j), (77.13310273304316+0j)), [ 5.25939553], [ 3.13310273], NoTrigger
23:10:16.714000, ((75.739827978246069+0j), (76.419270470056659+0j)), [ 2.73982798], [ 3.41927047], NoTrigger
23:10:34.474000, ((75.739827978246069+0j), (76.419270470056659+0j)), [ 2.73982798], [ 3.41927047], NoTrigger
23:10:35.065000, ((76.064981678382964+0j), (76.166046409777962+0j)), [ 3.06498168], [ 3.16604641], NoTrigger
23:10:35.669000, ((78.978829261847139+0j), (72.469977155897084+0j)), [ 3.97882926], [ 1.46997716], NoTrigger
23:10:36.233000, ((80.236088797079788+0j), (68.471439995998765+0j)), [ 4.2360888], [-1.52856], NoTrigger
23:10:37.126000, ((82.361563183682563+0j), (67.858909491899922+0j)), [ 5.36156318], [-1.14109051], NoTrigger
23:10:37.729000, ((82.112328601047835+0j), (65.304649816349652+0j)), [ 4.1123286], [-2.69535018], NoTrigger
23:10:38.295000, ((82.470991470626544+0j), (64.568630069765163+0j)), [ 4.47099147], [-3.43136993], NoTrigger
23:10:38.836000, ((82.465502529062135+0j), (64.60403392735688+0j)), [ 4.46550253], [-3.39596607], NoTrigger
23:10:39.478000, ((85.159710042741949+0j), (68.790425692970985+0j)), [ 8.15971004], [-5.20957431], NoTrigger
23:10:40.208000, ((63.210228116797261+0j), (76.273810200768608+0j)), [-2.78977188], [ 1.2738102], NoTrigger
23:10:44.154000, ((62.938054642442083+0j), (76.874164495075902+0j)), [-0.06194536], [ 1.8741645], NoTrigger
23:10:47.456000, Maximum ransac iterations exceeded
23:10:50.807000, Maximum ransac iterations exceeded
23:10:54.528000, Maximum ransac iterations exceeded
23:10:56.548000, ((71.814809092002491+0j), (72.536524366528965+0j)), [-4.18519091], [ 0.53652437], NoTrigger
